<?xml version="1.0" encoding="UTF-8"?>
<coverage generated="1772550557746" clover="3.2.0">
  <project timestamp="1772550557746" name="All files">
    <metrics statements="929" coveredstatements="814" conditionals="1183" coveredconditionals="833" methods="54" coveredmethods="53" elements="2166" coveredelements="1700" complexity="0" loc="929" ncloc="929" packages="2" files="2" classes="2"/>
    <package name="services">
      <metrics statements="866" coveredstatements="751" conditionals="1144" coveredconditionals="799" methods="48" coveredmethods="47"/>
      <file name="aiAnalysisService.js" path="/Users/rishi/Desktop/WorkSpace/NiftyOptionPriceCalculatore/NiftyOptionCalculator-Website-React/src/services/aiAnalysisService.js">
        <metrics statements="866" coveredstatements="751" conditionals="1144" coveredconditionals="799" methods="48" coveredmethods="47"/>
        <line num="6" count="1" type="cond" truecount="1" falsecount="1"/>
        <line num="10" count="141" type="stmt"/>
        <line num="11" count="141" type="stmt"/>
        <line num="35" count="0" type="stmt"/>
        <line num="37" count="0" type="stmt"/>
        <line num="40" count="0" type="stmt"/>
        <line num="49" count="0" type="cond" truecount="0" falsecount="2"/>
        <line num="50" count="0" type="stmt"/>
        <line num="51" count="0" type="stmt"/>
        <line num="54" count="0" type="stmt"/>
        <line num="58" count="0" type="stmt"/>
        <line num="66" count="3" type="stmt"/>
        <line num="79" count="3" type="stmt"/>
        <line num="92" count="3" type="cond" truecount="2" falsecount="1"/>
        <line num="93" count="3" type="cond" truecount="2" falsecount="0"/>
        <line num="94" count="3" type="cond" truecount="2" falsecount="0"/>
        <line num="96" count="3" type="stmt"/>
        <line num="105" count="3" type="stmt"/>
        <line num="106" count="3" type="cond" truecount="4" falsecount="0"/>
        <line num="107" count="2" type="stmt"/>
        <line num="108" count="6" type="stmt"/>
        <line num="110" count="6" type="cond" truecount="1" falsecount="1"/>
        <line num="111" count="6" type="cond" truecount="1" falsecount="1"/>
        <line num="112" count="6" type="cond" truecount="1" falsecount="1"/>
        <line num="113" count="6" type="cond" truecount="1" falsecount="1"/>
        <line num="114" count="6" type="cond" truecount="1" falsecount="1"/>
        <line num="115" count="6" type="cond" truecount="1" falsecount="1"/>
        <line num="116" count="6" type="cond" truecount="1" falsecount="1"/>
        <line num="117" count="6" type="cond" truecount="1" falsecount="1"/>
        <line num="118" count="6" type="cond" truecount="1" falsecount="1"/>
        <line num="119" count="6" type="cond" truecount="1" falsecount="1"/>
        <line num="122" count="6" type="cond" truecount="1" falsecount="1"/>
        <line num="123" count="6" type="cond" truecount="1" falsecount="1"/>
        <line num="124" count="6" type="cond" truecount="1" falsecount="1"/>
        <line num="125" count="6" type="cond" truecount="1" falsecount="1"/>
        <line num="126" count="6" type="cond" truecount="1" falsecount="1"/>
        <line num="127" count="6" type="cond" truecount="1" falsecount="1"/>
        <line num="128" count="6" type="cond" truecount="1" falsecount="1"/>
        <line num="129" count="6" type="cond" truecount="1" falsecount="1"/>
        <line num="130" count="6" type="cond" truecount="1" falsecount="1"/>
        <line num="131" count="6" type="cond" truecount="1" falsecount="1"/>
        <line num="134" count="6" type="stmt"/>
        <line num="138" count="3" type="stmt"/>
        <line num="150" count="4" type="cond" truecount="2" falsecount="0"/>
        <line num="151" count="4" type="cond" truecount="1" falsecount="1"/>
        <line num="154" count="4" type="cond" truecount="4" falsecount="0"/>
        <line num="160" count="4" type="cond" truecount="3" falsecount="0"/>
        <line num="164" count="4" type="cond" truecount="5" falsecount="0"/>
        <line num="166" count="2" type="stmt"/>
        <line num="169" count="2" type="cond" truecount="1" falsecount="1"/>
        <line num="170" count="4" type="cond" truecount="1" falsecount="1"/>
        <line num="173" count="4" type="cond" truecount="2" falsecount="0"/>
        <line num="174" count="1" type="stmt"/>
        <line num="175" count="1" type="stmt"/>
        <line num="176" count="1" type="stmt"/>
        <line num="178" count="1" type="stmt"/>
        <line num="181" count="1" type="cond" truecount="3" falsecount="2"/>
        <line num="182" count="1" type="cond" truecount="2" falsecount="2"/>
        <line num="184" count="1" type="stmt"/>
        <line num="189" count="1" type="cond" truecount="3" falsecount="2"/>
        <line num="190" count="0" type="cond" truecount="0" falsecount="4"/>
        <line num="192" count="0" type="stmt"/>
        <line num="197" count="1" type="cond" truecount="1" falsecount="1"/>
        <line num="199" count="1" type="stmt"/>
        <line num="202" count="1" type="cond" truecount="1" falsecount="1"/>
        <line num="203" count="1" type="stmt"/>
        <line num="207" count="1" type="stmt"/>
        <line num="221" count="12" type="stmt"/>
        <line num="222" count="12" type="stmt"/>
        <line num="223" count="12" type="cond" truecount="1" falsecount="1"/>
        <line num="224" count="12" type="cond" truecount="1" falsecount="1"/>
        <line num="225" count="12" type="cond" truecount="2" falsecount="0"/>
        <line num="226" count="12" type="cond" truecount="1" falsecount="1"/>
        <line num="227" count="12" type="cond" truecount="1" falsecount="1"/>
        <line num="228" count="12" type="stmt"/>
        <line num="231" count="12" type="stmt"/>
        <line num="234" count="12" type="stmt"/>
        <line num="235" count="12" type="stmt"/>
        <line num="236" count="12" type="cond" truecount="2" falsecount="0"/>
        <line num="237" count="12" type="cond" truecount="4" falsecount="1"/>
        <line num="240" count="12" type="stmt"/>
        <line num="241" count="12" type="stmt"/>
        <line num="245" count="12" type="cond" truecount="2" falsecount="0"/>
        <line num="246" count="4" type="stmt"/>
        <line num="248" count="4" type="cond" truecount="3" falsecount="2"/>
        <line num="250" count="2" type="stmt"/>
        <line num="251" count="2" type="stmt"/>
        <line num="253" count="0" type="stmt"/>
        <line num="254" count="0" type="stmt"/>
        <line num="256" count="1" type="stmt"/>
        <line num="257" count="1" type="stmt"/>
        <line num="259" count="0" type="stmt"/>
        <line num="260" count="0" type="stmt"/>
        <line num="262" count="1" type="stmt"/>
        <line num="263" count="1" type="stmt"/>
        <line num="266" count="8" type="stmt"/>
        <line num="270" count="12" type="cond" truecount="2" falsecount="0"/>
        <line num="271" count="2" type="cond" truecount="1" falsecount="1"/>
        <line num="272" count="2" type="cond" truecount="1" falsecount="1"/>
        <line num="273" count="0" type="stmt"/>
        <line num="274" count="0" type="stmt"/>
        <line num="275" count="2" type="cond" truecount="1" falsecount="1"/>
        <line num="276" count="0" type="stmt"/>
        <line num="277" count="0" type="stmt"/>
        <line num="280" count="0" type="cond" truecount="0" falsecount="2"/>
        <line num="281" count="0" type="stmt"/>
        <line num="282" count="0" type="stmt"/>
        <line num="283" count="0" type="cond" truecount="0" falsecount="2"/>
        <line num="284" count="0" type="stmt"/>
        <line num="285" count="0" type="stmt"/>
        <line num="291" count="12" type="cond" truecount="4" falsecount="0"/>
        <line num="292" count="1" type="stmt"/>
        <line num="293" count="1" type="cond" truecount="1" falsecount="1"/>
        <line num="294" count="0" type="stmt"/>
        <line num="295" count="0" type="stmt"/>
        <line num="296" count="1" type="cond" truecount="1" falsecount="1"/>
        <line num="297" count="1" type="stmt"/>
        <line num="298" count="1" type="stmt"/>
        <line num="302" count="12" type="cond" truecount="2" falsecount="2"/>
        <line num="303" count="0" type="stmt"/>
        <line num="304" count="0" type="cond" truecount="0" falsecount="2"/>
        <line num="305" count="0" type="stmt"/>
        <line num="306" count="0" type="stmt"/>
        <line num="307" count="0" type="cond" truecount="0" falsecount="2"/>
        <line num="308" count="0" type="stmt"/>
        <line num="309" count="0" type="stmt"/>
        <line num="314" count="12" type="cond" truecount="2" falsecount="2"/>
        <line num="315" count="0" type="stmt"/>
        <line num="316" count="0" type="stmt"/>
        <line num="317" count="12" type="cond" truecount="2" falsecount="2"/>
        <line num="318" count="0" type="stmt"/>
        <line num="319" count="0" type="stmt"/>
        <line num="320" count="12" type="cond" truecount="2" falsecount="2"/>
        <line num="321" count="0" type="stmt"/>
        <line num="322" count="0" type="stmt"/>
        <line num="323" count="12" type="cond" truecount="2" falsecount="2"/>
        <line num="324" count="0" type="stmt"/>
        <line num="325" count="0" type="stmt"/>
        <line num="329" count="12" type="cond" truecount="1" falsecount="1"/>
        <line num="330" count="0" type="stmt"/>
        <line num="331" count="0" type="stmt"/>
        <line num="335" count="12" type="cond" truecount="2" falsecount="0"/>
        <line num="336" count="1" type="stmt"/>
        <line num="337" count="1" type="stmt"/>
        <line num="338" count="11" type="cond" truecount="2" falsecount="0"/>
        <line num="339" count="1" type="stmt"/>
        <line num="340" count="1" type="stmt"/>
        <line num="341" count="10" type="cond" truecount="2" falsecount="0"/>
        <line num="342" count="9" type="cond" truecount="2" falsecount="0"/>
        <line num="343" count="7" type="stmt"/>
        <line num="345" count="1" type="cond" truecount="1" falsecount="1"/>
        <line num="346" count="0" type="stmt"/>
        <line num="347" count="0" type="stmt"/>
        <line num="351" count="12" type="cond" truecount="2" falsecount="0"/>
        <line num="352" count="1" type="stmt"/>
        <line num="353" count="1" type="stmt"/>
        <line num="354" count="11" type="cond" truecount="1" falsecount="1"/>
        <line num="355" count="0" type="stmt"/>
        <line num="356" count="11" type="cond" truecount="2" falsecount="0"/>
        <line num="357" count="10" type="stmt"/>
        <line num="358" count="1" type="cond" truecount="1" falsecount="1"/>
        <line num="359" count="1" type="stmt"/>
        <line num="360" count="1" type="stmt"/>
        <line num="364" count="12" type="cond" truecount="1" falsecount="1"/>
        <line num="365" count="12" type="cond" truecount="2" falsecount="0"/>
        <line num="366" count="1" type="stmt"/>
        <line num="367" count="1" type="stmt"/>
        <line num="368" count="11" type="cond" truecount="2" falsecount="0"/>
        <line num="369" count="2" type="stmt"/>
        <line num="370" count="2" type="stmt"/>
        <line num="373" count="0" type="cond" truecount="0" falsecount="2"/>
        <line num="374" count="0" type="stmt"/>
        <line num="375" count="0" type="stmt"/>
        <line num="376" count="0" type="cond" truecount="0" falsecount="2"/>
        <line num="377" count="0" type="stmt"/>
        <line num="378" count="0" type="stmt"/>
        <line num="383" count="12" type="cond" truecount="1" falsecount="1"/>
        <line num="384" count="12" type="stmt"/>
        <line num="385" count="12" type="stmt"/>
        <line num="387" count="12" type="cond" truecount="1" falsecount="1"/>
        <line num="388" count="12" type="cond" truecount="4" falsecount="0"/>
        <line num="389" count="2" type="stmt"/>
        <line num="390" count="2" type="stmt"/>
        <line num="391" count="10" type="cond" truecount="2" falsecount="0"/>
        <line num="392" count="1" type="stmt"/>
        <line num="393" count="1" type="stmt"/>
        <line num="396" count="0" type="cond" truecount="0" falsecount="4"/>
        <line num="397" count="0" type="stmt"/>
        <line num="398" count="0" type="stmt"/>
        <line num="399" count="0" type="cond" truecount="0" falsecount="2"/>
        <line num="400" count="0" type="stmt"/>
        <line num="401" count="0" type="stmt"/>
        <line num="407" count="12" type="cond" truecount="2" falsecount="0"/>
        <line num="408" count="1" type="stmt"/>
        <line num="409" count="1" type="stmt"/>
        <line num="410" count="11" type="cond" truecount="1" falsecount="1"/>
        <line num="411" count="0" type="stmt"/>
        <line num="412" count="0" type="stmt"/>
        <line num="416" count="12" type="cond" truecount="1" falsecount="1"/>
        <line num="417" count="0" type="stmt"/>
        <line num="418" count="0" type="stmt"/>
        <line num="419" count="12" type="cond" truecount="2" falsecount="0"/>
        <line num="420" count="1" type="stmt"/>
        <line num="421" count="1" type="stmt"/>
        <line num="425" count="12" type="cond" truecount="4" falsecount="0"/>
        <line num="426" count="2" type="stmt"/>
        <line num="427" count="10" type="cond" truecount="4" falsecount="0"/>
        <line num="428" count="1" type="stmt"/>
        <line num="429" count="9" type="cond" truecount="3" falsecount="1"/>
        <line num="430" count="9" type="stmt"/>
        <line num="431" count="9" type="stmt"/>
        <line num="435" count="12" type="stmt"/>
        <line num="441" count="12" type="cond" truecount="6" falsecount="0"/>
        <line num="442" count="2" type="stmt"/>
        <line num="443" count="2" type="cond" truecount="1" falsecount="1"/>
        <line num="444" count="2" type="cond" truecount="4" falsecount="0"/>
        <line num="447" count="10" type="cond" truecount="5" falsecount="0"/>
        <line num="448" count="1" type="stmt"/>
        <line num="449" count="1" type="cond" truecount="1" falsecount="1"/>
        <line num="450" count="1" type="cond" truecount="1" falsecount="1"/>
        <line num="451" count="1" type="cond" truecount="1" falsecount="1"/>
        <line num="454" count="9" type="cond" truecount="2" falsecount="5"/>
        <line num="455" count="0" type="stmt"/>
        <line num="456" count="0" type="cond" truecount="0" falsecount="2"/>
        <line num="457" count="0" type="cond" truecount="0" falsecount="4"/>
        <line num="460" count="9" type="cond" truecount="2" falsecount="3"/>
        <line num="461" count="0" type="stmt"/>
        <line num="462" count="0" type="cond" truecount="0" falsecount="2"/>
        <line num="463" count="0" type="stmt"/>
        <line num="464" count="0" type="stmt"/>
        <line num="467" count="9" type="cond" truecount="2" falsecount="0"/>
        <line num="468" count="1" type="stmt"/>
        <line num="469" count="1" type="cond" truecount="1" falsecount="1"/>
        <line num="470" count="1" type="cond" truecount="2" falsecount="0"/>
        <line num="471" count="1" type="stmt"/>
        <line num="475" count="8" type="stmt"/>
        <line num="476" count="8" type="cond" truecount="1" falsecount="1"/>
        <line num="477" count="8" type="cond" truecount="2" falsecount="0"/>
        <line num="478" count="8" type="stmt"/>
        <line num="481" count="12" type="stmt"/>
        <line num="504" count="20" type="stmt"/>
        <line num="516" count="20" type="cond" truecount="4" falsecount="0"/>
        <line num="517" count="11" type="stmt"/>
        <line num="521" count="9" type="stmt"/>
        <line num="522" count="60" type="cond" truecount="2" falsecount="0"/>
        <line num="526" count="39" type="stmt"/>
        <line num="527" count="9" type="cond" truecount="4" falsecount="1"/>
        <line num="528" count="9" type="stmt"/>
        <line num="529" count="9" type="stmt"/>
        <line num="530" count="9" type="cond" truecount="3" falsecount="1"/>
        <line num="531" count="9" type="stmt"/>
        <line num="536" count="9" type="stmt"/>
        <line num="537" count="9" type="stmt"/>
        <line num="539" count="9" type="stmt"/>
        <line num="540" count="69" type="cond" truecount="2" falsecount="0"/>
        <line num="541" count="28" type="stmt"/>
        <line num="542" count="28" type="stmt"/>
        <line num="544" count="69" type="cond" truecount="2" falsecount="0"/>
        <line num="545" count="25" type="stmt"/>
        <line num="546" count="25" type="stmt"/>
        <line num="550" count="9" type="cond" truecount="2" falsecount="0"/>
        <line num="551" count="6" type="stmt"/>
        <line num="552" count="6" type="stmt"/>
        <line num="555" count="9" type="cond" truecount="2" falsecount="0"/>
        <line num="556" count="2" type="stmt"/>
        <line num="557" count="2" type="stmt"/>
        <line num="561" count="9" type="cond" truecount="4" falsecount="0"/>
        <line num="562" count="6" type="stmt"/>
        <line num="566" count="9" type="stmt"/>
        <line num="567" count="9" type="stmt"/>
        <line num="569" count="9" type="stmt"/>
        <line num="570" count="69" type="cond" truecount="1" falsecount="1"/>
        <line num="571" count="69" type="cond" truecount="1" falsecount="1"/>
        <line num="573" count="69" type="stmt"/>
        <line num="574" count="69" type="stmt"/>
        <line num="576" count="69" type="cond" truecount="2" falsecount="0"/>
        <line num="577" count="69" type="cond" truecount="2" falsecount="0"/>
        <line num="580" count="9" type="cond" truecount="4" falsecount="0"/>
        <line num="581" count="1" type="stmt"/>
        <line num="582" count="8" type="cond" truecount="4" falsecount="0"/>
        <line num="583" count="1" type="stmt"/>
        <line num="584" count="7" type="cond" truecount="1" falsecount="1"/>
        <line num="585" count="0" type="stmt"/>
        <line num="586" count="7" type="cond" truecount="1" falsecount="1"/>
        <line num="587" count="0" type="stmt"/>
        <line num="591" count="39" type="stmt"/>
        <line num="592" count="9" type="cond" truecount="1" falsecount="1"/>
        <line num="593" count="9" type="cond" truecount="1" falsecount="1"/>
        <line num="597" count="9" type="stmt"/>
        <line num="598" count="69" type="cond" truecount="2" falsecount="4"/>
        <line num="601" count="9" type="cond" truecount="2" falsecount="0"/>
        <line num="602" count="1" type="stmt"/>
        <line num="606" count="9" type="stmt"/>
        <line num="614" count="6" type="stmt"/>
        <line num="615" count="6" type="stmt"/>
        <line num="616" count="6" type="cond" truecount="4" falsecount="0"/>
        <line num="618" count="5" type="cond" truecount="1" falsecount="1"/>
        <line num="619" count="6" type="cond" truecount="1" falsecount="1"/>
        <line num="620" count="6" type="stmt"/>
        <line num="623" count="6" type="cond" truecount="4" falsecount="0"/>
        <line num="624" count="1" type="stmt"/>
        <line num="626" count="5" type="cond" truecount="3" falsecount="1"/>
        <line num="627" count="0" type="stmt"/>
        <line num="630" count="5" type="stmt"/>
        <line num="633" count="5" type="stmt"/>
        <line num="636" count="5" type="stmt"/>
        <line num="637" count="5" type="stmt"/>
        <line num="639" count="5" type="cond" truecount="1" falsecount="1"/>
        <line num="640" count="0" type="stmt"/>
        <line num="641" count="0" type="stmt"/>
        <line num="642" count="5" type="cond" truecount="2" falsecount="0"/>
        <line num="643" count="3" type="stmt"/>
        <line num="644" count="3" type="stmt"/>
        <line num="645" count="2" type="cond" truecount="1" falsecount="1"/>
        <line num="646" count="0" type="stmt"/>
        <line num="647" count="0" type="stmt"/>
        <line num="648" count="2" type="cond" truecount="1" falsecount="1"/>
        <line num="649" count="0" type="stmt"/>
        <line num="650" count="0" type="stmt"/>
        <line num="654" count="5" type="stmt"/>
        <line num="655" count="44" type="cond" truecount="2" falsecount="0"/>
        <line num="659" count="5" type="stmt"/>
        <line num="660" count="5" type="stmt"/>
        <line num="661" count="5" type="stmt"/>
        <line num="662" count="5" type="stmt"/>
        <line num="664" count="5" type="stmt"/>
        <line num="665" count="49" type="cond" truecount="1" falsecount="1"/>
        <line num="666" count="49" type="cond" truecount="1" falsecount="1"/>
        <line num="667" count="49" type="cond" truecount="2" falsecount="0"/>
        <line num="668" count="49" type="cond" truecount="1" falsecount="1"/>
        <line num="669" count="49" type="stmt"/>
        <line num="671" count="49" type="cond" truecount="1" falsecount="1"/>
        <line num="672" count="49" type="cond" truecount="1" falsecount="1"/>
        <line num="673" count="49" type="cond" truecount="2" falsecount="0"/>
        <line num="674" count="49" type="cond" truecount="1" falsecount="1"/>
        <line num="675" count="49" type="stmt"/>
        <line num="679" count="5" type="cond" truecount="1" falsecount="1"/>
        <line num="682" count="27" type="stmt"/>
        <line num="683" count="6" type="cond" truecount="1" falsecount="2"/>
        <line num="686" count="6" type="stmt"/>
        <line num="687" count="6" type="stmt"/>
        <line num="688" count="6" type="stmt"/>
        <line num="689" count="6" type="stmt"/>
        <line num="690" count="6" type="stmt"/>
        <line num="691" count="6" type="stmt"/>
        <line num="692" count="6" type="stmt"/>
        <line num="695" count="6" type="stmt"/>
        <line num="696" count="6" type="stmt"/>
        <line num="699" count="6" type="stmt"/>
        <line num="700" count="49" type="stmt"/>
        <line num="703" count="49" type="cond" truecount="1" falsecount="1"/>
        <line num="706" count="49" type="cond" truecount="1" falsecount="1"/>
        <line num="707" count="49" type="stmt"/>
        <line num="708" count="49" type="cond" truecount="4" falsecount="1"/>
        <line num="709" count="49" type="stmt"/>
        <line num="710" count="49" type="cond" truecount="1" falsecount="1"/>
        <line num="711" count="49" type="cond" truecount="1" falsecount="1"/>
        <line num="712" count="49" type="stmt"/>
        <line num="716" count="49" type="cond" truecount="2" falsecount="0"/>
        <line num="717" count="49" type="cond" truecount="2" falsecount="0"/>
        <line num="720" count="49" type="cond" truecount="2" falsecount="0"/>
        <line num="721" count="5" type="stmt"/>
        <line num="722" count="5" type="cond" truecount="1" falsecount="1"/>
        <line num="723" count="44" type="cond" truecount="2" falsecount="0"/>
        <line num="724" count="11" type="cond" truecount="2" falsecount="2"/>
        <line num="728" count="49" type="stmt"/>
        <line num="730" count="49" type="stmt"/>
        <line num="731" count="49" type="cond" truecount="2" falsecount="0"/>
        <line num="732" count="28" type="stmt"/>
        <line num="739" count="49" type="cond" truecount="1" falsecount="1"/>
        <line num="740" count="49" type="stmt"/>
        <line num="741" count="49" type="cond" truecount="4" falsecount="1"/>
        <line num="742" count="49" type="stmt"/>
        <line num="743" count="49" type="cond" truecount="1" falsecount="1"/>
        <line num="744" count="49" type="cond" truecount="1" falsecount="1"/>
        <line num="745" count="49" type="stmt"/>
        <line num="749" count="49" type="cond" truecount="2" falsecount="0"/>
        <line num="750" count="49" type="cond" truecount="2" falsecount="0"/>
        <line num="753" count="49" type="cond" truecount="2" falsecount="0"/>
        <line num="754" count="5" type="stmt"/>
        <line num="755" count="5" type="cond" truecount="1" falsecount="1"/>
        <line num="756" count="44" type="cond" truecount="2" falsecount="0"/>
        <line num="757" count="11" type="cond" truecount="2" falsecount="2"/>
        <line num="760" count="49" type="stmt"/>
        <line num="762" count="49" type="stmt"/>
        <line num="763" count="49" type="cond" truecount="2" falsecount="0"/>
        <line num="764" count="7" type="stmt"/>
        <line num="771" count="5" type="cond" truecount="4" falsecount="0"/>
        <line num="772" count="1" type="cond" truecount="1" falsecount="1"/>
        <line num="773" count="1" type="stmt"/>
        <line num="775" count="1" type="stmt"/>
        <line num="776" count="9" type="cond" truecount="1" falsecount="1"/>
        <line num="777" count="9" type="cond" truecount="1" falsecount="1"/>
        <line num="778" count="9" type="stmt"/>
        <line num="779" count="3" type="stmt"/>
        <line num="784" count="4" type="stmt"/>
        <line num="785" count="52" type="cond" truecount="1" falsecount="1"/>
        <line num="786" count="52" type="cond" truecount="1" falsecount="1"/>
        <line num="787" count="52" type="stmt"/>
        <line num="790" count="35" type="stmt"/>
        <line num="791" count="35" type="stmt"/>
        <line num="792" count="4" type="stmt"/>
        <line num="799" count="102" type="cond" truecount="2" falsecount="0"/>
        <line num="800" count="102" type="cond" truecount="1" falsecount="1"/>
        <line num="803" count="102" type="cond" truecount="1" falsecount="3"/>
        <line num="804" count="102" type="cond" truecount="2" falsecount="0"/>
        <line num="805" count="102" type="stmt"/>
        <line num="808" count="102" type="cond" truecount="4" falsecount="0"/>
        <line num="811" count="101" type="stmt"/>
        <line num="812" count="101" type="cond" truecount="1" falsecount="2"/>
        <line num="813" count="102" type="stmt"/>
        <line num="814" count="102" type="cond" truecount="1" falsecount="1"/>
        <line num="815" count="102" type="stmt"/>
        <line num="816" count="102" type="stmt"/>
        <line num="817" count="102" type="stmt"/>
        <line num="819" count="102" type="stmt"/>
        <line num="820" count="102" type="stmt"/>
        <line num="821" count="102" type="stmt"/>
        <line num="824" count="102" type="stmt"/>
        <line num="827" count="102" type="stmt"/>
        <line num="830" count="102" type="stmt"/>
        <line num="832" count="102" type="cond" truecount="1" falsecount="3"/>
        <line num="833" count="102" type="cond" truecount="1" falsecount="3"/>
        <line num="834" count="102" type="cond" truecount="3" falsecount="1"/>
        <line num="835" count="102" type="cond" truecount="1" falsecount="1"/>
        <line num="837" count="102" type="stmt"/>
        <line num="865" count="102" type="cond" truecount="1" falsecount="1"/>
        <line num="866" count="102" type="stmt"/>
        <line num="867" count="102" type="cond" truecount="1" falsecount="1"/>
        <line num="868" count="102" type="stmt"/>
        <line num="869" count="102" type="stmt"/>
        <line num="870" count="102" type="stmt"/>
        <line num="872" count="102" type="stmt"/>
        <line num="876" count="104" type="stmt"/>
        <line num="877" count="104" type="stmt"/>
        <line num="878" count="104" type="cond" truecount="1" falsecount="2"/>
        <line num="879" count="104" type="cond" truecount="1" falsecount="1"/>
        <line num="881" count="104" type="cond" truecount="2" falsecount="0"/>
        <line num="882" count="103" type="cond" truecount="2" falsecount="2"/>
        <line num="883" count="103" type="cond" truecount="5" falsecount="0"/>
        <line num="885" count="69" type="cond" truecount="1" falsecount="1"/>
        <line num="886" count="104" type="cond" truecount="3" falsecount="1"/>
        <line num="888" count="68" type="cond" truecount="1" falsecount="2"/>
        <line num="889" count="104" type="cond" truecount="1" falsecount="1"/>
        <line num="890" count="104" type="cond" truecount="1" falsecount="1"/>
        <line num="891" count="104" type="cond" truecount="2" falsecount="0"/>
        <line num="894" count="67" type="cond" truecount="1" falsecount="1"/>
        <line num="895" count="104" type="cond" truecount="5" falsecount="0"/>
        <line num="897" count="66" type="cond" truecount="4" falsecount="0"/>
        <line num="898" count="56" type="cond" truecount="2" falsecount="2"/>
        <line num="899" count="56" type="cond" truecount="4" falsecount="0"/>
        <line num="901" count="36" type="stmt"/>
        <line num="909" count="110" type="stmt"/>
        <line num="911" count="110" type="stmt"/>
        <line num="912" count="110" type="cond" truecount="1" falsecount="1"/>
        <line num="913" count="110" type="cond" truecount="1" falsecount="1"/>
        <line num="914" count="110" type="cond" truecount="1" falsecount="1"/>
        <line num="915" count="110" type="cond" truecount="1" falsecount="1"/>
        <line num="916" count="110" type="cond" truecount="1" falsecount="1"/>
        <line num="917" count="110" type="cond" truecount="1" falsecount="1"/>
        <line num="918" count="110" type="cond" truecount="1" falsecount="1"/>
        <line num="921" count="110" type="stmt"/>
        <line num="922" count="110" type="stmt"/>
        <line num="925" count="110" type="cond" truecount="1" falsecount="1"/>
        <line num="926" count="110" type="stmt"/>
        <line num="929" count="110" type="cond" truecount="1" falsecount="1"/>
        <line num="930" count="110" type="cond" truecount="2" falsecount="0"/>
        <line num="931" count="1" type="stmt"/>
        <line num="932" count="109" type="cond" truecount="2" falsecount="0"/>
        <line num="933" count="2" type="stmt"/>
        <line num="935" count="107" type="stmt"/>
        <line num="939" count="110" type="stmt"/>
        <line num="940" count="110" type="cond" truecount="2" falsecount="0"/>
        <line num="941" count="108" type="stmt"/>
        <line num="942" count="2" type="cond" truecount="1" falsecount="1"/>
        <line num="943" count="0" type="stmt"/>
        <line num="944" count="2" type="cond" truecount="2" falsecount="0"/>
        <line num="945" count="1" type="stmt"/>
        <line num="948" count="110" type="stmt"/>
        <line num="954" count="141" type="stmt"/>
        <line num="969" count="120" type="stmt"/>
        <line num="970" count="120" type="cond" truecount="1" falsecount="1"/>
        <line num="971" count="120" type="stmt"/>
        <line num="972" count="120" type="cond" truecount="1" falsecount="1"/>
        <line num="973" count="120" type="cond" truecount="1" falsecount="2"/>
        <line num="976" count="120" type="cond" truecount="4" falsecount="0"/>
        <line num="980" count="120" type="cond" truecount="2" falsecount="0"/>
        <line num="981" count="78" type="stmt"/>
        <line num="984" count="78" type="stmt"/>
        <line num="985" count="78" type="cond" truecount="2" falsecount="0"/>
        <line num="986" count="2" type="stmt"/>
        <line num="987" count="76" type="cond" truecount="2" falsecount="0"/>
        <line num="988" count="72" type="stmt"/>
        <line num="992" count="78" type="cond" truecount="2" falsecount="0"/>
        <line num="994" count="74" type="stmt"/>
        <line num="996" count="4" type="cond" truecount="2" falsecount="0"/>
        <line num="998" count="2" type="stmt"/>
        <line num="1000" count="2" type="cond" truecount="1" falsecount="1"/>
        <line num="1002" count="2" type="stmt"/>
        <line num="1003" count="0" type="cond" truecount="0" falsecount="2"/>
        <line num="1005" count="0" type="stmt"/>
        <line num="1012" count="120" type="cond" truecount="2" falsecount="0"/>
        <line num="1013" count="2" type="stmt"/>
        <line num="1014" count="118" type="cond" truecount="1" falsecount="1"/>
        <line num="1015" count="0" type="stmt"/>
        <line num="1016" count="118" type="cond" truecount="2" falsecount="0"/>
        <line num="1017" count="1" type="stmt"/>
        <line num="1018" count="117" type="cond" truecount="1" falsecount="1"/>
        <line num="1019" count="0" type="stmt"/>
        <line num="1025" count="120" type="stmt"/>
        <line num="1026" count="120" type="cond" truecount="2" falsecount="0"/>
        <line num="1027" count="1" type="stmt"/>
        <line num="1028" count="119" type="cond" truecount="1" falsecount="1"/>
        <line num="1029" count="0" type="stmt"/>
        <line num="1030" count="119" type="cond" truecount="1" falsecount="1"/>
        <line num="1031" count="0" type="stmt"/>
        <line num="1032" count="119" type="cond" truecount="1" falsecount="1"/>
        <line num="1033" count="0" type="stmt"/>
        <line num="1037" count="120" type="cond" truecount="2" falsecount="0"/>
        <line num="1038" count="24" type="stmt"/>
        <line num="1039" count="96" type="cond" truecount="1" falsecount="1"/>
        <line num="1040" count="0" type="stmt"/>
        <line num="1041" count="96" type="cond" truecount="1" falsecount="1"/>
        <line num="1042" count="0" type="stmt"/>
        <line num="1047" count="120" type="stmt"/>
        <line num="1055" count="107" type="cond" truecount="2" falsecount="0"/>
        <line num="1056" count="107" type="cond" truecount="1" falsecount="1"/>
        <line num="1057" count="107" type="cond" truecount="1" falsecount="1"/>
        <line num="1058" count="107" type="stmt"/>
        <line num="1059" count="107" type="cond" truecount="1" falsecount="1"/>
        <line num="1060" count="107" type="cond" truecount="1" falsecount="1"/>
        <line num="1061" count="107" type="cond" truecount="1" falsecount="1"/>
        <line num="1062" count="107" type="cond" truecount="2" falsecount="0"/>
        <line num="1063" count="107" type="cond" truecount="1" falsecount="1"/>
        <line num="1066" count="107" type="stmt"/>
        <line num="1067" count="107" type="stmt"/>
        <line num="1071" count="107" type="cond" truecount="2" falsecount="0"/>
        <line num="1073" count="107" type="stmt"/>
        <line num="1076" count="107" type="cond" truecount="1" falsecount="1"/>
        <line num="1077" count="107" type="cond" truecount="2" falsecount="0"/>
        <line num="1078" count="4" type="stmt"/>
        <line num="1079" count="103" type="cond" truecount="2" falsecount="0"/>
        <line num="1080" count="102" type="stmt"/>
        <line num="1084" count="107" type="cond" truecount="1" falsecount="1"/>
        <line num="1085" count="107" type="cond" truecount="1" falsecount="1"/>
        <line num="1086" count="0" type="stmt"/>
        <line num="1087" count="107" type="cond" truecount="1" falsecount="1"/>
        <line num="1088" count="0" type="stmt"/>
        <line num="1092" count="107" type="cond" truecount="1" falsecount="1"/>
        <line num="1095" count="107" type="cond" truecount="3" falsecount="1"/>
        <line num="1096" count="107" type="stmt"/>
        <line num="1099" count="0" type="stmt"/>
        <line num="1100" count="0" type="stmt"/>
        <line num="1101" count="0" type="cond" truecount="0" falsecount="2"/>
        <line num="1102" count="0" type="cond" truecount="0" falsecount="2"/>
        <line num="1103" count="0" type="stmt"/>
        <line num="1104" count="0" type="cond" truecount="0" falsecount="2"/>
        <line num="1105" count="0" type="stmt"/>
        <line num="1107" count="0" type="stmt"/>
        <line num="1112" count="107" type="cond" truecount="4" falsecount="0"/>
        <line num="1113" count="105" type="stmt"/>
        <line num="1114" count="2" type="cond" truecount="1" falsecount="1"/>
        <line num="1115" count="2" type="stmt"/>
        <line num="1116" count="0" type="cond" truecount="0" falsecount="2"/>
        <line num="1117" count="0" type="stmt"/>
        <line num="1121" count="107" type="cond" truecount="1" falsecount="1"/>
        <line num="1122" count="107" type="cond" truecount="2" falsecount="0"/>
        <line num="1123" count="88" type="cond" truecount="2" falsecount="0"/>
        <line num="1124" count="19" type="cond" truecount="1" falsecount="1"/>
        <line num="1125" count="0" type="cond" truecount="0" falsecount="2"/>
        <line num="1130" count="107" type="stmt"/>
        <line num="1132" count="107" type="cond" truecount="2" falsecount="0"/>
        <line num="1133" count="38" type="stmt"/>
        <line num="1134" count="38" type="stmt"/>
        <line num="1135" count="69" type="cond" truecount="2" falsecount="0"/>
        <line num="1136" count="34" type="stmt"/>
        <line num="1137" count="34" type="stmt"/>
        <line num="1138" count="35" type="cond" truecount="1" falsecount="1"/>
        <line num="1139" count="0" type="stmt"/>
        <line num="1140" count="0" type="stmt"/>
        <line num="1141" count="35" type="cond" truecount="2" falsecount="0"/>
        <line num="1142" count="33" type="stmt"/>
        <line num="1143" count="33" type="stmt"/>
        <line num="1145" count="2" type="stmt"/>
        <line num="1146" count="2" type="stmt"/>
        <line num="1150" count="107" type="stmt"/>
        <line num="1153" count="107" type="stmt"/>
        <line num="1155" count="107" type="stmt"/>
        <line num="1174" count="10" type="cond" truecount="1" falsecount="2"/>
        <line num="1175" count="10" type="cond" truecount="3" falsecount="0"/>
        <line num="1177" count="10" type="cond" truecount="2" falsecount="0"/>
        <line num="1178" count="8" type="cond" truecount="2" falsecount="0"/>
        <line num="1179" count="4" type="cond" truecount="4" falsecount="0"/>
        <line num="1180" count="3" type="cond" truecount="4" falsecount="0"/>
        <line num="1181" count="1" type="cond" truecount="1" falsecount="1"/>
        <line num="1182" count="0" type="stmt"/>
        <line num="1189" count="3" type="stmt"/>
        <line num="1194" count="3" type="cond" truecount="2" falsecount="0"/>
        <line num="1206" count="203" type="cond" truecount="2" falsecount="0"/>
        <line num="1217" count="105" type="stmt"/>
        <line num="1218" count="105" type="cond" truecount="1" falsecount="1"/>
        <line num="1219" count="105" type="cond" truecount="1" falsecount="1"/>
        <line num="1221" count="105" type="stmt"/>
        <line num="1222" count="105" type="cond" truecount="2" falsecount="0"/>
        <line num="1223" count="3" type="cond" truecount="2" falsecount="0"/>
        <line num="1225" count="105" type="cond" truecount="2" falsecount="0"/>
        <line num="1226" count="35" type="cond" truecount="2" falsecount="0"/>
        <line num="1228" count="105" type="cond" truecount="2" falsecount="0"/>
        <line num="1229" count="105" type="cond" truecount="4" falsecount="0"/>
        <line num="1231" count="105" type="cond" truecount="2" falsecount="0"/>
        <line num="1232" count="11" type="cond" truecount="2" falsecount="0"/>
        <line num="1233" count="1" type="stmt"/>
        <line num="1244" count="106" type="cond" truecount="2" falsecount="0"/>
        <line num="1245" count="105" type="cond" truecount="2" falsecount="0"/>
        <line num="1246" count="104" type="cond" truecount="2" falsecount="0"/>
        <line num="1247" count="2" type="cond" truecount="2" falsecount="0"/>
        <line num="1248" count="1" type="stmt"/>
        <line num="1259" count="211" type="cond" truecount="2" falsecount="0"/>
        <line num="1260" count="211" type="cond" truecount="3" falsecount="0"/>
        <line num="1261" count="211" type="stmt"/>
        <line num="1262" count="211" type="cond" truecount="2" falsecount="0"/>
        <line num="1264" count="211" type="cond" truecount="1" falsecount="1"/>
        <line num="1267" count="211" type="stmt"/>
        <line num="1269" count="211" type="cond" truecount="4" falsecount="0"/>
        <line num="1270" count="24" type="stmt"/>
        <line num="1273" count="187" type="stmt"/>
        <line num="1274" count="187" type="stmt"/>
        <line num="1276" count="187" type="cond" truecount="2" falsecount="0"/>
        <line num="1277" count="98" type="cond" truecount="4" falsecount="0"/>
        <line num="1278" count="27" type="cond" truecount="4" falsecount="0"/>
        <line num="1279" count="2" type="cond" truecount="4" falsecount="0"/>
        <line num="1280" count="1" type="cond" truecount="3" falsecount="1"/>
        <line num="1282" count="89" type="cond" truecount="4" falsecount="0"/>
        <line num="1283" count="66" type="cond" truecount="3" falsecount="1"/>
        <line num="1284" count="0" type="cond" truecount="0" falsecount="4"/>
        <line num="1285" count="0" type="cond" truecount="0" falsecount="4"/>
        <line num="1288" count="0" type="stmt"/>
        <line num="1300" count="107" type="stmt"/>
        <line num="1301" count="107" type="stmt"/>
        <line num="1302" count="107" type="cond" truecount="1" falsecount="1"/>
        <line num="1303" count="107" type="cond" truecount="3" falsecount="0"/>
        <line num="1306" count="107" type="cond" truecount="2" falsecount="0"/>
        <line num="1307" count="1" type="stmt"/>
        <line num="1308" count="106" type="cond" truecount="2" falsecount="0"/>
        <line num="1309" count="1" type="stmt"/>
        <line num="1313" count="107" type="cond" truecount="3" falsecount="0"/>
        <line num="1314" count="107" type="cond" truecount="2" falsecount="0"/>
        <line num="1315" count="23" type="stmt"/>
        <line num="1319" count="107" type="cond" truecount="4" falsecount="0"/>
        <line num="1320" count="35" type="stmt"/>
        <line num="1324" count="107" type="stmt"/>
        <line num="1325" count="107" type="stmt"/>
        <line num="1326" count="107" type="cond" truecount="2" falsecount="0"/>
        <line num="1327" count="107" type="cond" truecount="4" falsecount="0"/>
        <line num="1328" count="1" type="stmt"/>
        <line num="1332" count="107" type="cond" truecount="4" falsecount="0"/>
        <line num="1333" count="1" type="stmt"/>
        <line num="1334" count="106" type="cond" truecount="3" falsecount="1"/>
        <line num="1335" count="0" type="stmt"/>
        <line num="1336" count="106" type="cond" truecount="3" falsecount="1"/>
        <line num="1337" count="0" type="stmt"/>
        <line num="1338" count="106" type="cond" truecount="4" falsecount="0"/>
        <line num="1339" count="33" type="stmt"/>
        <line num="1343" count="107" type="cond" truecount="4" falsecount="0"/>
        <line num="1344" count="16" type="cond" truecount="2" falsecount="0"/>
        <line num="1347" count="107" type="stmt"/>
        <line num="1354" count="104" type="stmt"/>
        <line num="1355" count="104" type="stmt"/>
        <line num="1356" count="104" type="stmt"/>
        <line num="1357" count="104" type="stmt"/>
        <line num="1358" count="104" type="stmt"/>
        <line num="1362" count="104" type="cond" truecount="1" falsecount="1"/>
        <line num="1363" count="0" type="cond" truecount="0" falsecount="2"/>
        <line num="1364" count="0" type="cond" truecount="0" falsecount="2"/>
        <line num="1365" count="0" type="stmt"/>
        <line num="1366" count="104" type="cond" truecount="1" falsecount="1"/>
        <line num="1369" count="104" type="stmt"/>
        <line num="1370" count="104" type="stmt"/>
        <line num="1371" count="104" type="cond" truecount="4" falsecount="0"/>
        <line num="1372" count="58" type="cond" truecount="4" falsecount="0"/>
        <line num="1373" count="12" type="cond" truecount="1" falsecount="1"/>
        <line num="1374" count="104" type="cond" truecount="4" falsecount="0"/>
        <line num="1377" count="104" type="cond" truecount="1" falsecount="1"/>
        <line num="1378" count="104" type="cond" truecount="2" falsecount="2"/>
        <line num="1379" count="104" type="stmt"/>
        <line num="1380" count="104" type="cond" truecount="2" falsecount="0"/>
        <line num="1383" count="104" type="cond" truecount="1" falsecount="1"/>
        <line num="1384" count="104" type="stmt"/>
        <line num="1385" count="104" type="cond" truecount="2" falsecount="0"/>
        <line num="1388" count="104" type="cond" truecount="1" falsecount="1"/>
        <line num="1389" count="104" type="cond" truecount="1" falsecount="1"/>
        <line num="1390" count="104" type="cond" truecount="1" falsecount="1"/>
        <line num="1391" count="104" type="cond" truecount="2" falsecount="2"/>
        <line num="1392" count="104" type="cond" truecount="2" falsecount="2"/>
        <line num="1395" count="516" type="stmt"/>
        <line num="1399" count="27" type="cond" truecount="2" falsecount="0"/>
        <line num="1400" count="2" type="stmt"/>
        <line num="1401" count="25" type="cond" truecount="2" falsecount="0"/>
        <line num="1402" count="19" type="stmt"/>
        <line num="1404" count="6" type="stmt"/>
        <line num="1411" count="1" type="stmt"/>
        <line num="1412" count="1" type="stmt"/>
        <line num="1413" count="1" type="stmt"/>
        <line num="1414" count="1" type="stmt"/>
        <line num="1431" count="10" type="cond" truecount="4" falsecount="0"/>
        <line num="1433" count="8" type="stmt"/>
        <line num="1434" count="8" type="cond" truecount="1" falsecount="1"/>
        <line num="1435" count="10" type="cond" truecount="1" falsecount="1"/>
        <line num="1436" count="10" type="cond" truecount="1" falsecount="1"/>
        <line num="1437" count="10" type="cond" truecount="1" falsecount="2"/>
        <line num="1438" count="10" type="stmt"/>
        <line num="1439" count="10" type="cond" truecount="1" falsecount="1"/>
        <line num="1440" count="10" type="stmt"/>
        <line num="1441" count="10" type="stmt"/>
        <line num="1444" count="10" type="cond" truecount="3" falsecount="0"/>
        <line num="1445" count="10" type="stmt"/>
        <line num="1446" count="10" type="cond" truecount="4" falsecount="0"/>
        <line num="1447" count="6" type="cond" truecount="1" falsecount="1"/>
        <line num="1449" count="8" type="stmt"/>
        <line num="1452" count="36" type="stmt"/>
        <line num="1453" count="800" type="cond" truecount="2" falsecount="0"/>
        <line num="1455" count="8" type="stmt"/>
        <line num="1458" count="8" type="cond" truecount="2" falsecount="0"/>
        <line num="1459" count="4" type="cond" truecount="1" falsecount="1"/>
        <line num="1460" count="4" type="stmt"/>
        <line num="1461" count="4" type="cond" truecount="1" falsecount="1"/>
        <line num="1463" count="4" type="stmt"/>
        <line num="1464" count="4" type="cond" truecount="1" falsecount="1"/>
        <line num="1465" count="4" type="cond" truecount="2" falsecount="0"/>
        <line num="1466" count="1" type="cond" truecount="1" falsecount="1"/>
        <line num="1467" count="1" type="stmt"/>
        <line num="1468" count="1" type="cond" truecount="1" falsecount="1"/>
        <line num="1470" count="1" type="stmt"/>
        <line num="1471" count="1" type="cond" truecount="1" falsecount="1"/>
        <line num="1475" count="8" type="cond" truecount="4" falsecount="2"/>
        <line num="1476" count="8" type="cond" truecount="2" falsecount="0"/>
        <line num="1477" count="2" type="stmt"/>
        <line num="1478" count="2" type="cond" truecount="1" falsecount="1"/>
        <line num="1480" count="8" type="cond" truecount="2" falsecount="0"/>
        <line num="1481" count="2" type="stmt"/>
        <line num="1482" count="2" type="cond" truecount="1" falsecount="1"/>
        <line num="1487" count="8" type="cond" truecount="7" falsecount="0"/>
        <line num="1488" count="1" type="stmt"/>
        <line num="1489" count="1" type="cond" truecount="1" falsecount="1"/>
        <line num="1493" count="8" type="cond" truecount="2" falsecount="2"/>
        <line num="1494" count="8" type="stmt"/>
        <line num="1500" count="9" type="cond" truecount="2" falsecount="0"/>
        <line num="1501" count="9" type="cond" truecount="4" falsecount="0"/>
        <line num="1502" count="8" type="stmt"/>
        <line num="1503" count="8" type="stmt"/>
        <line num="1504" count="8" type="stmt"/>
        <line num="1505" count="8" type="cond" truecount="1" falsecount="1"/>
        <line num="1506" count="9" type="cond" truecount="2" falsecount="0"/>
        <line num="1507" count="9" type="cond" truecount="2" falsecount="0"/>
        <line num="1508" count="9" type="cond" truecount="2" falsecount="0"/>
        <line num="1509" count="9" type="stmt"/>
        <line num="1510" count="9" type="stmt"/>
        <line num="1512" count="9" type="stmt"/>
        <line num="1536" count="8" type="stmt"/>
        <line num="1537" count="8" type="stmt"/>
        <line num="1538" count="8" type="stmt"/>
        <line num="1539" count="8" type="cond" truecount="5" falsecount="0"/>
        <line num="1541" count="7" type="stmt"/>
        <line num="1542" count="8" type="cond" truecount="2" falsecount="2"/>
        <line num="1543" count="8" type="cond" truecount="1" falsecount="1"/>
        <line num="1545" count="7" type="stmt"/>
        <line num="1546" count="7" type="stmt"/>
        <line num="1547" count="7" type="stmt"/>
        <line num="1548" count="7" type="cond" truecount="1" falsecount="1"/>
        <line num="1549" count="8" type="stmt"/>
        <line num="1551" count="8" type="stmt"/>
        <line num="1555" count="8" type="stmt"/>
        <line num="1556" count="8" type="stmt"/>
        <line num="1558" count="8" type="stmt"/>
        <line num="1583" count="4" type="stmt"/>
        <line num="1584" count="4" type="stmt"/>
        <line num="1585" count="4" type="stmt"/>
        <line num="1586" count="4" type="cond" truecount="5" falsecount="0"/>
        <line num="1588" count="3" type="stmt"/>
        <line num="1589" count="4" type="cond" truecount="2" falsecount="2"/>
        <line num="1590" count="4" type="cond" truecount="1" falsecount="1"/>
        <line num="1592" count="3" type="stmt"/>
        <line num="1593" count="3" type="stmt"/>
        <line num="1594" count="3" type="stmt"/>
        <line num="1595" count="3" type="cond" truecount="1" falsecount="1"/>
        <line num="1596" count="4" type="stmt"/>
        <line num="1598" count="4" type="stmt"/>
        <line num="1602" count="4" type="stmt"/>
        <line num="1603" count="4" type="stmt"/>
        <line num="1605" count="4" type="stmt"/>
        <line num="1630" count="6" type="stmt"/>
        <line num="1631" count="6" type="stmt"/>
        <line num="1632" count="6" type="stmt"/>
        <line num="1633" count="6" type="stmt"/>
        <line num="1635" count="6" type="cond" truecount="5" falsecount="1"/>
        <line num="1636" count="6" type="stmt"/>
        <line num="1637" count="6" type="cond" truecount="4" falsecount="0"/>
        <line num="1638" count="6" type="cond" truecount="4" falsecount="0"/>
        <line num="1640" count="6" type="stmt"/>
        <line num="1641" count="6" type="cond" truecount="1" falsecount="1"/>
        <line num="1642" count="0" type="stmt"/>
        <line num="1643" count="0" type="stmt"/>
        <line num="1645" count="0" type="cond" truecount="0" falsecount="2"/>
        <line num="1646" count="6" type="cond" truecount="1" falsecount="1"/>
        <line num="1647" count="6" type="stmt"/>
        <line num="1649" count="6" type="stmt"/>
        <line num="1655" count="6" type="stmt"/>
        <line num="1656" count="6" type="stmt"/>
        <line num="1658" count="6" type="stmt"/>
        <line num="1683" count="5" type="stmt"/>
        <line num="1684" count="5" type="stmt"/>
        <line num="1685" count="5" type="cond" truecount="3" falsecount="1"/>
        <line num="1687" count="5" type="stmt"/>
        <line num="1688" count="5" type="cond" truecount="2" falsecount="2"/>
        <line num="1689" count="5" type="stmt"/>
        <line num="1690" count="5" type="cond" truecount="1" falsecount="1"/>
        <line num="1692" count="5" type="cond" truecount="1" falsecount="1"/>
        <line num="1693" count="5" type="cond" truecount="1" falsecount="1"/>
        <line num="1694" count="5" type="stmt"/>
        <line num="1696" count="5" type="stmt"/>
        <line num="1700" count="5" type="stmt"/>
        <line num="1701" count="5" type="stmt"/>
        <line num="1703" count="5" type="stmt"/>
        <line num="1727" count="4" type="cond" truecount="3" falsecount="1"/>
        <line num="1728" count="4" type="stmt"/>
        <line num="1729" count="4" type="cond" truecount="2" falsecount="2"/>
        <line num="1730" count="4" type="stmt"/>
        <line num="1731" count="4" type="cond" truecount="1" falsecount="1"/>
        <line num="1732" count="4" type="stmt"/>
        <line num="1733" count="4" type="stmt"/>
        <line num="1735" count="4" type="stmt"/>
        <line num="1739" count="4" type="stmt"/>
        <line num="1740" count="4" type="stmt"/>
        <line num="1742" count="4" type="stmt"/>
        <line num="1769" count="32" type="stmt"/>
        <line num="1770" count="32" type="stmt"/>
        <line num="1771" count="55" type="cond" truecount="2" falsecount="0"/>
        <line num="1772" count="55" type="cond" truecount="1" falsecount="1"/>
        <line num="1773" count="55" type="cond" truecount="2" falsecount="0"/>
        <line num="1774" count="55" type="cond" truecount="2" falsecount="0"/>
        <line num="1775" count="55" type="cond" truecount="2" falsecount="0"/>
        <line num="1776" count="55" type="cond" truecount="2" falsecount="0"/>
        <line num="1778" count="32" type="stmt"/>
        <line num="1782" count="9" type="stmt"/>
        <line num="1786" count="35" type="cond" truecount="1" falsecount="1"/>
        <line num="1787" count="35" type="stmt"/>
        <line num="1790" count="35" type="stmt"/>
        <line num="1791" count="35" type="stmt"/>
        <line num="1794" count="35" type="cond" truecount="2" falsecount="0"/>
        <line num="1797" count="35" type="stmt"/>
        <line num="1798" count="35" type="cond" truecount="4" falsecount="0"/>
        <line num="1799" count="34" type="cond" truecount="2" falsecount="0"/>
        <line num="1800" count="17" type="stmt"/>
        <line num="1804" count="35" type="cond" truecount="1" falsecount="1"/>
        <line num="1805" count="54" type="cond" truecount="1" falsecount="2"/>
        <line num="1807" count="35" type="stmt"/>
        <line num="1810" count="35" type="cond" truecount="1" falsecount="1"/>
        <line num="1811" count="35" type="stmt"/>
        <line num="1812" count="35" type="cond" truecount="2" falsecount="0"/>
        <line num="1813" count="35" type="stmt"/>
        <line num="1814" count="35" type="cond" truecount="4" falsecount="0"/>
        <line num="1815" count="20" type="cond" truecount="5" falsecount="3"/>
        <line num="1816" count="14" type="cond" truecount="2" falsecount="4"/>
        <line num="1818" count="35" type="stmt"/>
        <line num="1820" count="35" type="stmt"/>
        <line num="1827" count="1" type="stmt"/>
      </file>
    </package>
    <package name="utils">
      <metrics statements="63" coveredstatements="63" conditionals="39" coveredconditionals="34" methods="6" coveredmethods="6"/>
      <file name="blackScholes.js" path="/Users/rishi/Desktop/WorkSpace/NiftyOptionPriceCalculatore/NiftyOptionCalculator-Website-React/src/utils/blackScholes.js">
        <metrics statements="63" coveredstatements="63" conditionals="39" coveredconditionals="34" methods="6" coveredmethods="6"/>
        <line num="3" count="665" type="stmt"/>
        <line num="4" count="665" type="stmt"/>
        <line num="5" count="665" type="stmt"/>
        <line num="6" count="665" type="stmt"/>
        <line num="7" count="665" type="stmt"/>
        <line num="8" count="665" type="stmt"/>
        <line num="10" count="665" type="cond" truecount="2" falsecount="0"/>
        <line num="11" count="665" type="stmt"/>
        <line num="13" count="665" type="stmt"/>
        <line num="14" count="665" type="stmt"/>
        <line num="16" count="665" type="stmt"/>
        <line num="21" count="399" type="stmt"/>
        <line num="33" count="135" type="stmt"/>
        <line num="36" count="135" type="stmt"/>
        <line num="39" count="135" type="cond" truecount="2" falsecount="0"/>
        <line num="40" count="2" type="cond" truecount="1" falsecount="1"/>
        <line num="43" count="2" type="stmt"/>
        <line num="57" count="133" type="stmt"/>
        <line num="58" count="133" type="stmt"/>
        <line num="59" count="133" type="stmt"/>
        <line num="60" count="133" type="stmt"/>
        <line num="63" count="133" type="stmt"/>
        <line num="64" count="133" type="stmt"/>
        <line num="69" count="133" type="cond" truecount="2" falsecount="0"/>
        <line num="70" count="120" type="stmt"/>
        <line num="71" count="120" type="stmt"/>
        <line num="72" count="120" type="stmt"/>
        <line num="74" count="13" type="stmt"/>
        <line num="75" count="13" type="stmt"/>
        <line num="76" count="13" type="stmt"/>
        <line num="80" count="133" type="stmt"/>
        <line num="81" count="133" type="stmt"/>
        <line num="84" count="133" type="cond" truecount="2" falsecount="0"/>
        <line num="87" count="135" type="stmt"/>
        <line num="90" count="135" type="cond" truecount="2" falsecount="0"/>
        <line num="93" count="135" type="stmt"/>
        <line num="95" count="135" type="stmt"/>
        <line num="111" count="4" type="stmt"/>
        <line num="113" count="4" type="stmt"/>
        <line num="114" count="4" type="stmt"/>
        <line num="115" count="4" type="stmt"/>
        <line num="117" count="4" type="stmt"/>
        <line num="118" count="110" type="stmt"/>
        <line num="127" count="110" type="stmt"/>
        <line num="128" count="110" type="cond" truecount="2" falsecount="0"/>
        <line num="132" count="107" type="stmt"/>
        <line num="133" count="107" type="cond" truecount="1" falsecount="1"/>
        <line num="135" count="107" type="stmt"/>
        <line num="136" count="107" type="stmt"/>
        <line num="139" count="4" type="stmt"/>
        <line num="144" count="6" type="stmt"/>
        <line num="146" count="6" type="cond" truecount="2" falsecount="0"/>
        <line num="148" count="4" type="cond" truecount="2" falsecount="0"/>
        <line num="149" count="2" type="cond" truecount="2" falsecount="0"/>
        <line num="151" count="2" type="cond" truecount="2" falsecount="0"/>
        <line num="157" count="6" type="cond" truecount="2" falsecount="0"/>
        <line num="158" count="5" type="cond" truecount="2" falsecount="0"/>
        <line num="159" count="1" type="stmt"/>
        <line num="160" count="4" type="cond" truecount="2" falsecount="0"/>
        <line num="161" count="2" type="stmt"/>
        <line num="162" count="2" type="cond" truecount="2" falsecount="0"/>
        <line num="163" count="1" type="stmt"/>
        <line num="166" count="2" type="stmt"/>
      </file>
    </package>
  </project>
</coverage>
