{"/Users/rishi/Desktop/WorkSpace/NiftyOptionPriceCalculatore/NiftyOptionCalculator-Website-React/src/services/aiAnalysisService.js": {"path":"/Users/rishi/Desktop/WorkSpace/NiftyOptionPriceCalculatore/NiftyOptionCalculator-Website-React/src/services/aiAnalysisService.js","statementMap":{"0":{"start":{"line":6,"column":21},"end":{"line":6,"column":76}},"1":{"start":{"line":954,"column":18},"end":{"line":959,"column":3}},"2":{"start":{"line":1411,"column":21},"end":{"line":1411,"column":103}},"3":{"start":{"line":1412,"column":28},"end":{"line":1412,"column":113}},"4":{"start":{"line":1413,"column":27},"end":{"line":1413,"column":111}},"5":{"start":{"line":1414,"column":26},"end":{"line":1422,"column":3}},"6":{"start":{"line":10,"column":4},"end":{"line":10,"column":null}},"7":{"start":{"line":11,"column":4},"end":{"line":24,"column":null}},"8":{"start":{"line":35,"column":4},"end":{"line":59,"column":null}},"9":{"start":{"line":37,"column":26},"end":{"line":37,"column":87}},"10":{"start":{"line":40,"column":23},"end":{"line":47,"column":8}},"11":{"start":{"line":49,"column":6},"end":{"line":55,"column":null}},"12":{"start":{"line":50,"column":21},"end":{"line":50,"column":42}},"13":{"start":{"line":51,"column":8},"end":{"line":51,"column":null}},"14":{"start":{"line":54,"column":8},"end":{"line":54,"column":null}},"15":{"start":{"line":58,"column":6},"end":{"line":58,"column":null}},"16":{"start":{"line":66,"column":19},"end":{"line":77,"column":5}},"17":{"start":{"line":79,"column":19},"end":{"line":89,"column":5}},"18":{"start":{"line":92,"column":18},"end":{"line":92,"column":86}},"19":{"start":{"line":93,"column":19},"end":{"line":93,"column":68}},"20":{"start":{"line":94,"column":21},"end":{"line":94,"column":73}},"21":{"start":{"line":96,"column":27},"end":{"line":102,"column":5}},"22":{"start":{"line":105,"column":22},"end":{"line":105,"column":24}},"23":{"start":{"line":106,"column":4},"end":{"line":136,"column":null}},"24":{"start":{"line":107,"column":6},"end":{"line":135,"column":null}},"25":{"start":{"line":108,"column":24},"end":{"line":108,"column":51}},"26":{"start":{"line":110,"column":8},"end":{"line":120,"column":null}},"27":{"start":{"line":111,"column":10},"end":{"line":111,"column":null}},"28":{"start":{"line":112,"column":10},"end":{"line":112,"column":null}},"29":{"start":{"line":113,"column":10},"end":{"line":113,"column":null}},"30":{"start":{"line":114,"column":10},"end":{"line":114,"column":null}},"31":{"start":{"line":115,"column":10},"end":{"line":115,"column":null}},"32":{"start":{"line":116,"column":10},"end":{"line":116,"column":null}},"33":{"start":{"line":117,"column":10},"end":{"line":117,"column":null}},"34":{"start":{"line":118,"column":10},"end":{"line":118,"column":null}},"35":{"start":{"line":119,"column":10},"end":{"line":119,"column":null}},"36":{"start":{"line":122,"column":8},"end":{"line":132,"column":null}},"37":{"start":{"line":123,"column":10},"end":{"line":123,"column":null}},"38":{"start":{"line":124,"column":10},"end":{"line":124,"column":null}},"39":{"start":{"line":125,"column":10},"end":{"line":125,"column":null}},"40":{"start":{"line":126,"column":10},"end":{"line":126,"column":null}},"41":{"start":{"line":127,"column":10},"end":{"line":127,"column":null}},"42":{"start":{"line":128,"column":10},"end":{"line":128,"column":null}},"43":{"start":{"line":129,"column":10},"end":{"line":129,"column":null}},"44":{"start":{"line":130,"column":10},"end":{"line":130,"column":null}},"45":{"start":{"line":131,"column":10},"end":{"line":131,"column":null}},"46":{"start":{"line":134,"column":8},"end":{"line":134,"column":null}},"47":{"start":{"line":138,"column":4},"end":{"line":143,"column":null}},"48":{"start":{"line":150,"column":22},"end":{"line":150,"column":46}},"49":{"start":{"line":151,"column":22},"end":{"line":151,"column":61}},"50":{"start":{"line":154,"column":20},"end":{"line":157,"column":59}},"51":{"start":{"line":160,"column":22},"end":{"line":162,"column":43}},"52":{"start":{"line":164,"column":4},"end":{"line":167,"column":null}},"53":{"start":{"line":166,"column":6},"end":{"line":166,"column":null}},"54":{"start":{"line":169,"column":23},"end":{"line":169,"column":61}},"55":{"start":{"line":170,"column":30},"end":{"line":170,"column":56}},"56":{"start":{"line":173,"column":4},"end":{"line":205,"column":null}},"57":{"start":{"line":174,"column":21},"end":{"line":174,"column":74}},"58":{"start":{"line":175,"column":23},"end":{"line":175,"column":53}},"59":{"start":{"line":176,"column":27},"end":{"line":176,"column":61}},"60":{"start":{"line":178,"column":29},"end":{"line":178,"column":34}},"61":{"start":{"line":181,"column":6},"end":{"line":186,"column":null}},"62":{"start":{"line":182,"column":8},"end":{"line":185,"column":null}},"63":{"start":{"line":184,"column":10},"end":{"line":184,"column":null}},"64":{"start":{"line":189,"column":6},"end":{"line":194,"column":null}},"65":{"start":{"line":190,"column":8},"end":{"line":193,"column":null}},"66":{"start":{"line":192,"column":10},"end":{"line":192,"column":null}},"67":{"start":{"line":197,"column":6},"end":{"line":200,"column":null}},"68":{"start":{"line":199,"column":8},"end":{"line":199,"column":null}},"69":{"start":{"line":202,"column":6},"end":{"line":204,"column":null}},"70":{"start":{"line":203,"column":8},"end":{"line":203,"column":null}},"71":{"start":{"line":207,"column":4},"end":{"line":214,"column":null}},"72":{"start":{"line":221,"column":19},"end":{"line":221,"column":49}},"73":{"start":{"line":222,"column":17},"end":{"line":222,"column":34}},"74":{"start":{"line":223,"column":16},"end":{"line":223,"column":34}},"75":{"start":{"line":224,"column":25},"end":{"line":224,"column":53}},"76":{"start":{"line":225,"column":21},"end":{"line":225,"column":45}},"77":{"start":{"line":226,"column":18},"end":{"line":226,"column":40}},"78":{"start":{"line":227,"column":23},"end":{"line":227,"column":51}},"79":{"start":{"line":228,"column":27},"end":{"line":228,"column":49}},"80":{"start":{"line":231,"column":26},"end":{"line":231,"column":92}},"81":{"start":{"line":234,"column":25},"end":{"line":234,"column":48}},"82":{"start":{"line":235,"column":21},"end":{"line":235,"column":41}},"83":{"start":{"line":236,"column":25},"end":{"line":236,"column":56}},"84":{"start":{"line":237,"column":30},"end":{"line":238,"column":108}},"85":{"start":{"line":240,"column":20},"end":{"line":240,"column":22}},"86":{"start":{"line":241,"column":21},"end":{"line":241,"column":23}},"87":{"start":{"line":245,"column":4},"end":{"line":267,"column":null}},"88":{"start":{"line":246,"column":6},"end":{"line":246,"column":null}},"89":{"start":{"line":248,"column":6},"end":{"line":264,"column":null}},"90":{"start":{"line":250,"column":10},"end":{"line":250,"column":null}},"91":{"start":{"line":251,"column":10},"end":{"line":251,"column":null}},"92":{"start":{"line":253,"column":10},"end":{"line":253,"column":null}},"93":{"start":{"line":254,"column":10},"end":{"line":254,"column":null}},"94":{"start":{"line":256,"column":10},"end":{"line":256,"column":null}},"95":{"start":{"line":257,"column":10},"end":{"line":257,"column":null}},"96":{"start":{"line":259,"column":10},"end":{"line":259,"column":null}},"97":{"start":{"line":260,"column":10},"end":{"line":260,"column":null}},"98":{"start":{"line":262,"column":10},"end":{"line":262,"column":null}},"99":{"start":{"line":263,"column":10},"end":{"line":263,"column":null}},"100":{"start":{"line":266,"column":6},"end":{"line":266,"column":null}},"101":{"start":{"line":270,"column":4},"end":{"line":288,"column":null}},"102":{"start":{"line":271,"column":6},"end":{"line":287,"column":null}},"103":{"start":{"line":272,"column":8},"end":{"line":278,"column":null}},"104":{"start":{"line":273,"column":10},"end":{"line":273,"column":null}},"105":{"start":{"line":274,"column":10},"end":{"line":274,"column":null}},"106":{"start":{"line":275,"column":15},"end":{"line":278,"column":null}},"107":{"start":{"line":276,"column":10},"end":{"line":276,"column":null}},"108":{"start":{"line":277,"column":10},"end":{"line":277,"column":null}},"109":{"start":{"line":280,"column":8},"end":{"line":286,"column":null}},"110":{"start":{"line":281,"column":10},"end":{"line":281,"column":null}},"111":{"start":{"line":282,"column":10},"end":{"line":282,"column":null}},"112":{"start":{"line":283,"column":15},"end":{"line":286,"column":null}},"113":{"start":{"line":284,"column":10},"end":{"line":284,"column":null}},"114":{"start":{"line":285,"column":10},"end":{"line":285,"column":null}},"115":{"start":{"line":291,"column":4},"end":{"line":300,"column":null}},"116":{"start":{"line":292,"column":35},"end":{"line":292,"column":76}},"117":{"start":{"line":293,"column":6},"end":{"line":299,"column":null}},"118":{"start":{"line":294,"column":8},"end":{"line":294,"column":null}},"119":{"start":{"line":295,"column":8},"end":{"line":295,"column":null}},"120":{"start":{"line":296,"column":13},"end":{"line":299,"column":null}},"121":{"start":{"line":297,"column":8},"end":{"line":297,"column":null}},"122":{"start":{"line":298,"column":8},"end":{"line":298,"column":null}},"123":{"start":{"line":302,"column":4},"end":{"line":311,"column":null}},"124":{"start":{"line":303,"column":32},"end":{"line":303,"column":69}},"125":{"start":{"line":304,"column":6},"end":{"line":310,"column":null}},"126":{"start":{"line":305,"column":8},"end":{"line":305,"column":null}},"127":{"start":{"line":306,"column":8},"end":{"line":306,"column":null}},"128":{"start":{"line":307,"column":13},"end":{"line":310,"column":null}},"129":{"start":{"line":308,"column":8},"end":{"line":308,"column":null}},"130":{"start":{"line":309,"column":8},"end":{"line":309,"column":null}},"131":{"start":{"line":314,"column":4},"end":{"line":326,"column":null}},"132":{"start":{"line":315,"column":6},"end":{"line":315,"column":null}},"133":{"start":{"line":316,"column":6},"end":{"line":316,"column":null}},"134":{"start":{"line":317,"column":11},"end":{"line":326,"column":null}},"135":{"start":{"line":318,"column":6},"end":{"line":318,"column":null}},"136":{"start":{"line":319,"column":6},"end":{"line":319,"column":null}},"137":{"start":{"line":320,"column":11},"end":{"line":326,"column":null}},"138":{"start":{"line":321,"column":6},"end":{"line":321,"column":null}},"139":{"start":{"line":322,"column":6},"end":{"line":322,"column":null}},"140":{"start":{"line":323,"column":11},"end":{"line":326,"column":null}},"141":{"start":{"line":324,"column":6},"end":{"line":324,"column":null}},"142":{"start":{"line":325,"column":6},"end":{"line":325,"column":null}},"143":{"start":{"line":329,"column":4},"end":{"line":332,"column":null}},"144":{"start":{"line":330,"column":6},"end":{"line":330,"column":null}},"145":{"start":{"line":331,"column":6},"end":{"line":331,"column":null}},"146":{"start":{"line":335,"column":4},"end":{"line":348,"column":null}},"147":{"start":{"line":336,"column":6},"end":{"line":336,"column":null}},"148":{"start":{"line":337,"column":6},"end":{"line":337,"column":null}},"149":{"start":{"line":338,"column":11},"end":{"line":348,"column":null}},"150":{"start":{"line":339,"column":6},"end":{"line":339,"column":null}},"151":{"start":{"line":340,"column":6},"end":{"line":340,"column":null}},"152":{"start":{"line":341,"column":11},"end":{"line":348,"column":null}},"153":{"start":{"line":342,"column":6},"end":{"line":344,"column":null}},"154":{"start":{"line":343,"column":8},"end":{"line":343,"column":null}},"155":{"start":{"line":345,"column":11},"end":{"line":348,"column":null}},"156":{"start":{"line":346,"column":6},"end":{"line":346,"column":null}},"157":{"start":{"line":347,"column":6},"end":{"line":347,"column":null}},"158":{"start":{"line":351,"column":4},"end":{"line":361,"column":null}},"159":{"start":{"line":352,"column":6},"end":{"line":352,"column":null}},"160":{"start":{"line":353,"column":6},"end":{"line":353,"column":null}},"161":{"start":{"line":354,"column":11},"end":{"line":361,"column":null}},"162":{"start":{"line":355,"column":6},"end":{"line":355,"column":null}},"163":{"start":{"line":356,"column":11},"end":{"line":361,"column":null}},"164":{"start":{"line":357,"column":6},"end":{"line":357,"column":null}},"165":{"start":{"line":358,"column":11},"end":{"line":361,"column":null}},"166":{"start":{"line":359,"column":6},"end":{"line":359,"column":null}},"167":{"start":{"line":360,"column":6},"end":{"line":360,"column":null}},"168":{"start":{"line":364,"column":4},"end":{"line":380,"column":null}},"169":{"start":{"line":365,"column":6},"end":{"line":371,"column":null}},"170":{"start":{"line":366,"column":8},"end":{"line":366,"column":null}},"171":{"start":{"line":367,"column":8},"end":{"line":367,"column":null}},"172":{"start":{"line":368,"column":13},"end":{"line":371,"column":null}},"173":{"start":{"line":369,"column":8},"end":{"line":369,"column":null}},"174":{"start":{"line":370,"column":8},"end":{"line":370,"column":null}},"175":{"start":{"line":373,"column":6},"end":{"line":379,"column":null}},"176":{"start":{"line":374,"column":8},"end":{"line":374,"column":null}},"177":{"start":{"line":375,"column":8},"end":{"line":375,"column":null}},"178":{"start":{"line":376,"column":13},"end":{"line":379,"column":null}},"179":{"start":{"line":377,"column":8},"end":{"line":377,"column":null}},"180":{"start":{"line":378,"column":8},"end":{"line":378,"column":null}},"181":{"start":{"line":383,"column":4},"end":{"line":404,"column":null}},"182":{"start":{"line":384,"column":34},"end":{"line":384,"column":56}},"183":{"start":{"line":385,"column":33},"end":{"line":385,"column":75}},"184":{"start":{"line":387,"column":6},"end":{"line":403,"column":null}},"185":{"start":{"line":388,"column":8},"end":{"line":394,"column":null}},"186":{"start":{"line":389,"column":10},"end":{"line":389,"column":null}},"187":{"start":{"line":390,"column":10},"end":{"line":390,"column":null}},"188":{"start":{"line":391,"column":15},"end":{"line":394,"column":null}},"189":{"start":{"line":392,"column":10},"end":{"line":392,"column":null}},"190":{"start":{"line":393,"column":10},"end":{"line":393,"column":null}},"191":{"start":{"line":396,"column":8},"end":{"line":402,"column":null}},"192":{"start":{"line":397,"column":10},"end":{"line":397,"column":null}},"193":{"start":{"line":398,"column":10},"end":{"line":398,"column":null}},"194":{"start":{"line":399,"column":15},"end":{"line":402,"column":null}},"195":{"start":{"line":400,"column":10},"end":{"line":400,"column":null}},"196":{"start":{"line":401,"column":10},"end":{"line":401,"column":null}},"197":{"start":{"line":407,"column":4},"end":{"line":413,"column":null}},"198":{"start":{"line":408,"column":6},"end":{"line":408,"column":null}},"199":{"start":{"line":409,"column":6},"end":{"line":409,"column":null}},"200":{"start":{"line":410,"column":11},"end":{"line":413,"column":null}},"201":{"start":{"line":411,"column":6},"end":{"line":411,"column":null}},"202":{"start":{"line":412,"column":6},"end":{"line":412,"column":null}},"203":{"start":{"line":416,"column":4},"end":{"line":422,"column":null}},"204":{"start":{"line":417,"column":6},"end":{"line":417,"column":null}},"205":{"start":{"line":418,"column":6},"end":{"line":418,"column":null}},"206":{"start":{"line":419,"column":11},"end":{"line":422,"column":null}},"207":{"start":{"line":420,"column":6},"end":{"line":420,"column":null}},"208":{"start":{"line":421,"column":6},"end":{"line":421,"column":null}},"209":{"start":{"line":425,"column":4},"end":{"line":432,"column":null}},"210":{"start":{"line":426,"column":6},"end":{"line":426,"column":null}},"211":{"start":{"line":427,"column":11},"end":{"line":432,"column":null}},"212":{"start":{"line":428,"column":6},"end":{"line":428,"column":null}},"213":{"start":{"line":429,"column":11},"end":{"line":432,"column":null}},"214":{"start":{"line":430,"column":6},"end":{"line":430,"column":null}},"215":{"start":{"line":431,"column":6},"end":{"line":431,"column":null}},"216":{"start":{"line":435,"column":4},"end":{"line":435,"column":null}},"217":{"start":{"line":441,"column":4},"end":{"line":479,"column":null}},"218":{"start":{"line":442,"column":6},"end":{"line":442,"column":null}},"219":{"start":{"line":443,"column":6},"end":{"line":443,"column":null}},"220":{"start":{"line":444,"column":6},"end":{"line":444,"column":null}},"221":{"start":{"line":447,"column":9},"end":{"line":479,"column":null}},"222":{"start":{"line":448,"column":6},"end":{"line":448,"column":null}},"223":{"start":{"line":449,"column":6},"end":{"line":449,"column":null}},"224":{"start":{"line":450,"column":6},"end":{"line":450,"column":null}},"225":{"start":{"line":451,"column":6},"end":{"line":451,"column":null}},"226":{"start":{"line":454,"column":9},"end":{"line":479,"column":null}},"227":{"start":{"line":455,"column":6},"end":{"line":455,"column":null}},"228":{"start":{"line":456,"column":6},"end":{"line":456,"column":null}},"229":{"start":{"line":457,"column":6},"end":{"line":457,"column":null}},"230":{"start":{"line":460,"column":9},"end":{"line":479,"column":null}},"231":{"start":{"line":461,"column":6},"end":{"line":461,"column":null}},"232":{"start":{"line":462,"column":6},"end":{"line":462,"column":null}},"233":{"start":{"line":463,"column":6},"end":{"line":463,"column":null}},"234":{"start":{"line":464,"column":6},"end":{"line":464,"column":null}},"235":{"start":{"line":467,"column":9},"end":{"line":479,"column":null}},"236":{"start":{"line":468,"column":6},"end":{"line":468,"column":null}},"237":{"start":{"line":469,"column":6},"end":{"line":469,"column":null}},"238":{"start":{"line":470,"column":6},"end":{"line":470,"column":null}},"239":{"start":{"line":471,"column":6},"end":{"line":471,"column":null}},"240":{"start":{"line":475,"column":6},"end":{"line":475,"column":null}},"241":{"start":{"line":476,"column":6},"end":{"line":476,"column":null}},"242":{"start":{"line":477,"column":6},"end":{"line":477,"column":null}},"243":{"start":{"line":478,"column":6},"end":{"line":478,"column":null}},"244":{"start":{"line":481,"column":4},"end":{"line":497,"column":null}},"245":{"start":{"line":504,"column":19},"end":{"line":514,"column":5}},"246":{"start":{"line":516,"column":4},"end":{"line":518,"column":null}},"247":{"start":{"line":517,"column":6},"end":{"line":517,"column":null}},"248":{"start":{"line":521,"column":22},"end":{"line":523,"column":17}},"249":{"start":{"line":522,"column":6},"end":{"line":522,"column":null}},"250":{"start":{"line":526,"column":19},"end":{"line":526,"column":73}},"251":{"start":{"line":526,"column":43},"end":{"line":526,"column":72}},"252":{"start":{"line":527,"column":4},"end":{"line":533,"column":null}},"253":{"start":{"line":528,"column":21},"end":{"line":528,"column":48}},"254":{"start":{"line":529,"column":20},"end":{"line":529,"column":47}},"255":{"start":{"line":530,"column":6},"end":{"line":532,"column":null}},"256":{"start":{"line":531,"column":8},"end":{"line":531,"column":47}},"257":{"start":{"line":536,"column":20},"end":{"line":536,"column":21}},"258":{"start":{"line":536,"column":34},"end":{"line":536,"column":35}},"259":{"start":{"line":537,"column":26},"end":{"line":537,"column":27}},"260":{"start":{"line":537,"column":46},"end":{"line":537,"column":47}},"261":{"start":{"line":539,"column":4},"end":{"line":548,"column":null}},"262":{"start":{"line":540,"column":6},"end":{"line":543,"column":null}},"263":{"start":{"line":541,"column":8},"end":{"line":541,"column":null}},"264":{"start":{"line":542,"column":8},"end":{"line":542,"column":null}},"265":{"start":{"line":544,"column":6},"end":{"line":547,"column":null}},"266":{"start":{"line":545,"column":8},"end":{"line":545,"column":null}},"267":{"start":{"line":546,"column":8},"end":{"line":546,"column":null}},"268":{"start":{"line":550,"column":4},"end":{"line":553,"column":null}},"269":{"start":{"line":551,"column":6},"end":{"line":551,"column":null}},"270":{"start":{"line":552,"column":6},"end":{"line":552,"column":null}},"271":{"start":{"line":555,"column":4},"end":{"line":558,"column":null}},"272":{"start":{"line":556,"column":6},"end":{"line":556,"column":null}},"273":{"start":{"line":557,"column":6},"end":{"line":557,"column":null}},"274":{"start":{"line":561,"column":4},"end":{"line":563,"column":null}},"275":{"start":{"line":562,"column":6},"end":{"line":562,"column":null}},"276":{"start":{"line":566,"column":28},"end":{"line":566,"column":29}},"277":{"start":{"line":566,"column":50},"end":{"line":566,"column":51}},"278":{"start":{"line":567,"column":30},"end":{"line":567,"column":31}},"279":{"start":{"line":567,"column":54},"end":{"line":567,"column":55}},"280":{"start":{"line":569,"column":4},"end":{"line":578,"column":null}},"281":{"start":{"line":570,"column":25},"end":{"line":570,"column":58}},"282":{"start":{"line":571,"column":24},"end":{"line":571,"column":57}},"283":{"start":{"line":573,"column":6},"end":{"line":573,"column":null}},"284":{"start":{"line":574,"column":6},"end":{"line":574,"column":null}},"285":{"start":{"line":576,"column":6},"end":{"line":576,"column":null}},"286":{"start":{"line":576,"column":30},"end":{"line":576,"column":null}},"287":{"start":{"line":577,"column":6},"end":{"line":577,"column":null}},"288":{"start":{"line":577,"column":29},"end":{"line":577,"column":null}},"289":{"start":{"line":580,"column":4},"end":{"line":588,"column":null}},"290":{"start":{"line":581,"column":6},"end":{"line":581,"column":null}},"291":{"start":{"line":582,"column":11},"end":{"line":588,"column":null}},"292":{"start":{"line":583,"column":6},"end":{"line":583,"column":null}},"293":{"start":{"line":584,"column":11},"end":{"line":588,"column":null}},"294":{"start":{"line":585,"column":6},"end":{"line":585,"column":null}},"295":{"start":{"line":586,"column":11},"end":{"line":588,"column":null}},"296":{"start":{"line":587,"column":6},"end":{"line":587,"column":null}},"297":{"start":{"line":591,"column":24},"end":{"line":591,"column":83}},"298":{"start":{"line":591,"column":48},"end":{"line":591,"column":82}},"299":{"start":{"line":592,"column":4},"end":{"line":604,"column":null}},"300":{"start":{"line":593,"column":29},"end":{"line":595,"column":48}},"301":{"start":{"line":597,"column":24},"end":{"line":599,"column":45}},"302":{"start":{"line":598,"column":8},"end":{"line":598,"column":null}},"303":{"start":{"line":601,"column":6},"end":{"line":603,"column":null}},"304":{"start":{"line":602,"column":8},"end":{"line":602,"column":null}},"305":{"start":{"line":606,"column":4},"end":{"line":606,"column":null}},"306":{"start":{"line":614,"column":24},"end":{"line":614,"column":26}},"307":{"start":{"line":615,"column":23},"end":{"line":615,"column":25}},"308":{"start":{"line":616,"column":4},"end":{"line":616,"column":null}},"309":{"start":{"line":616,"column":50},"end":{"line":616,"column":null}},"310":{"start":{"line":618,"column":16},"end":{"line":618,"column":47}},"311":{"start":{"line":619,"column":25},"end":{"line":619,"column":50}},"312":{"start":{"line":620,"column":4},"end":{"line":620,"column":null}},"313":{"start":{"line":623,"column":4},"end":{"line":625,"column":null}},"314":{"start":{"line":624,"column":6},"end":{"line":624,"column":null}},"315":{"start":{"line":626,"column":4},"end":{"line":628,"column":null}},"316":{"start":{"line":627,"column":6},"end":{"line":627,"column":null}},"317":{"start":{"line":630,"column":17},"end":{"line":630,"column":34}},"318":{"start":{"line":633,"column":31},"end":{"line":633,"column":72}},"319":{"start":{"line":636,"column":21},"end":{"line":636,"column":30}},"320":{"start":{"line":637,"column":23},"end":{"line":637,"column":24}},"321":{"start":{"line":639,"column":4},"end":{"line":651,"column":null}},"322":{"start":{"line":640,"column":6},"end":{"line":640,"column":null}},"323":{"start":{"line":641,"column":6},"end":{"line":641,"column":null}},"324":{"start":{"line":642,"column":11},"end":{"line":651,"column":null}},"325":{"start":{"line":643,"column":6},"end":{"line":643,"column":null}},"326":{"start":{"line":644,"column":6},"end":{"line":644,"column":null}},"327":{"start":{"line":645,"column":11},"end":{"line":651,"column":null}},"328":{"start":{"line":646,"column":6},"end":{"line":646,"column":null}},"329":{"start":{"line":647,"column":6},"end":{"line":647,"column":null}},"330":{"start":{"line":648,"column":11},"end":{"line":651,"column":null}},"331":{"start":{"line":649,"column":6},"end":{"line":649,"column":null}},"332":{"start":{"line":650,"column":6},"end":{"line":650,"column":null}},"333":{"start":{"line":654,"column":22},"end":{"line":656,"column":17}},"334":{"start":{"line":655,"column":6},"end":{"line":655,"column":null}},"335":{"start":{"line":659,"column":16},"end":{"line":659,"column":17}},"336":{"start":{"line":660,"column":22},"end":{"line":660,"column":23}},"337":{"start":{"line":661,"column":22},"end":{"line":661,"column":23}},"338":{"start":{"line":662,"column":22},"end":{"line":662,"column":23}},"339":{"start":{"line":664,"column":4},"end":{"line":677,"column":null}},"340":{"start":{"line":665,"column":6},"end":{"line":670,"column":null}},"341":{"start":{"line":666,"column":8},"end":{"line":666,"column":null}},"342":{"start":{"line":667,"column":8},"end":{"line":667,"column":null}},"343":{"start":{"line":668,"column":8},"end":{"line":668,"column":null}},"344":{"start":{"line":669,"column":8},"end":{"line":669,"column":null}},"345":{"start":{"line":671,"column":6},"end":{"line":676,"column":null}},"346":{"start":{"line":672,"column":8},"end":{"line":672,"column":null}},"347":{"start":{"line":673,"column":8},"end":{"line":673,"column":null}},"348":{"start":{"line":674,"column":8},"end":{"line":674,"column":null}},"349":{"start":{"line":675,"column":8},"end":{"line":675,"column":null}},"350":{"start":{"line":679,"column":22},"end":{"line":679,"column":73}},"351":{"start":{"line":682,"column":19},"end":{"line":682,"column":82}},"352":{"start":{"line":682,"column":41},"end":{"line":682,"column":81}},"353":{"start":{"line":683,"column":18},"end":{"line":683,"column":86}},"354":{"start":{"line":686,"column":4},"end":{"line":686,"column":null}},"355":{"start":{"line":687,"column":4},"end":{"line":687,"column":null}},"356":{"start":{"line":688,"column":4},"end":{"line":688,"column":null}},"357":{"start":{"line":689,"column":4},"end":{"line":689,"column":null}},"358":{"start":{"line":690,"column":4},"end":{"line":690,"column":null}},"359":{"start":{"line":691,"column":4},"end":{"line":691,"column":null}},"360":{"start":{"line":692,"column":4},"end":{"line":692,"column":null}},"361":{"start":{"line":695,"column":19},"end":{"line":695,"column":51}},"362":{"start":{"line":696,"column":4},"end":{"line":696,"column":null}},"363":{"start":{"line":699,"column":4},"end":{"line":769,"column":null}},"364":{"start":{"line":700,"column":30},"end":{"line":700,"column":67}},"365":{"start":{"line":703,"column":6},"end":{"line":703,"column":null}},"366":{"start":{"line":703,"column":33},"end":{"line":703,"column":null}},"367":{"start":{"line":706,"column":6},"end":{"line":736,"column":null}},"368":{"start":{"line":707,"column":21},"end":{"line":707,"column":27}},"369":{"start":{"line":708,"column":8},"end":{"line":735,"column":null}},"370":{"start":{"line":709,"column":29},"end":{"line":709,"column":83}},"371":{"start":{"line":710,"column":10},"end":{"line":734,"column":null}},"372":{"start":{"line":711,"column":12},"end":{"line":713,"column":null}},"373":{"start":{"line":712,"column":14},"end":{"line":712,"column":null}},"374":{"start":{"line":716,"column":12},"end":{"line":716,"column":null}},"375":{"start":{"line":716,"column":64},"end":{"line":716,"column":null}},"376":{"start":{"line":717,"column":12},"end":{"line":717,"column":null}},"377":{"start":{"line":717,"column":65},"end":{"line":717,"column":null}},"378":{"start":{"line":720,"column":12},"end":{"line":725,"column":null}},"379":{"start":{"line":721,"column":30},"end":{"line":721,"column":75}},"380":{"start":{"line":722,"column":14},"end":{"line":722,"column":null}},"381":{"start":{"line":722,"column":31},"end":{"line":722,"column":null}},"382":{"start":{"line":723,"column":19},"end":{"line":725,"column":null}},"383":{"start":{"line":724,"column":14},"end":{"line":724,"column":null}},"384":{"start":{"line":724,"column":51},"end":{"line":724,"column":null}},"385":{"start":{"line":728,"column":12},"end":{"line":728,"column":null}},"386":{"start":{"line":730,"column":12},"end":{"line":730,"column":null}},"387":{"start":{"line":731,"column":12},"end":{"line":733,"column":null}},"388":{"start":{"line":732,"column":14},"end":{"line":732,"column":null}},"389":{"start":{"line":739,"column":6},"end":{"line":768,"column":null}},"390":{"start":{"line":740,"column":20},"end":{"line":740,"column":26}},"391":{"start":{"line":741,"column":8},"end":{"line":767,"column":null}},"392":{"start":{"line":742,"column":29},"end":{"line":742,"column":83}},"393":{"start":{"line":743,"column":10},"end":{"line":766,"column":null}},"394":{"start":{"line":744,"column":12},"end":{"line":746,"column":null}},"395":{"start":{"line":745,"column":14},"end":{"line":745,"column":null}},"396":{"start":{"line":749,"column":12},"end":{"line":749,"column":null}},"397":{"start":{"line":749,"column":64},"end":{"line":749,"column":null}},"398":{"start":{"line":750,"column":12},"end":{"line":750,"column":null}},"399":{"start":{"line":750,"column":65},"end":{"line":750,"column":null}},"400":{"start":{"line":753,"column":12},"end":{"line":758,"column":null}},"401":{"start":{"line":754,"column":30},"end":{"line":754,"column":75}},"402":{"start":{"line":755,"column":14},"end":{"line":755,"column":null}},"403":{"start":{"line":755,"column":31},"end":{"line":755,"column":null}},"404":{"start":{"line":756,"column":19},"end":{"line":758,"column":null}},"405":{"start":{"line":757,"column":14},"end":{"line":757,"column":null}},"406":{"start":{"line":757,"column":51},"end":{"line":757,"column":null}},"407":{"start":{"line":760,"column":12},"end":{"line":760,"column":null}},"408":{"start":{"line":762,"column":12},"end":{"line":762,"column":null}},"409":{"start":{"line":763,"column":12},"end":{"line":765,"column":null}},"410":{"start":{"line":764,"column":14},"end":{"line":764,"column":null}},"411":{"start":{"line":771,"column":4},"end":{"line":780,"column":null}},"412":{"start":{"line":772,"column":6},"end":{"line":774,"column":null}},"413":{"start":{"line":773,"column":8},"end":{"line":773,"column":null}},"414":{"start":{"line":775,"column":6},"end":{"line":779,"column":null}},"415":{"start":{"line":776,"column":23},"end":{"line":776,"column":54}},"416":{"start":{"line":777,"column":23},"end":{"line":777,"column":54}},"417":{"start":{"line":778,"column":8},"end":{"line":778,"column":null}},"418":{"start":{"line":779,"column":31},"end":{"line":779,"column":60}},"419":{"start":{"line":784,"column":30},"end":{"line":788,"column":6}},"420":{"start":{"line":785,"column":21},"end":{"line":785,"column":52}},"421":{"start":{"line":786,"column":21},"end":{"line":786,"column":52}},"422":{"start":{"line":787,"column":6},"end":{"line":787,"column":null}},"423":{"start":{"line":790,"column":18},"end":{"line":790,"column":82}},"424":{"start":{"line":790,"column":48},"end":{"line":790,"column":69}},"425":{"start":{"line":791,"column":17},"end":{"line":791,"column":81}},"426":{"start":{"line":791,"column":47},"end":{"line":791,"column":68}},"427":{"start":{"line":792,"column":4},"end":{"line":792,"column":null}},"428":{"start":{"line":799,"column":19},"end":{"line":799,"column":56}},"429":{"start":{"line":800,"column":4},"end":{"line":800,"column":null}},"430":{"start":{"line":800,"column":17},"end":{"line":800,"column":null}},"431":{"start":{"line":803,"column":21},"end":{"line":803,"column":70}},"432":{"start":{"line":804,"column":16},"end":{"line":804,"column":41}},"433":{"start":{"line":805,"column":24},"end":{"line":805,"column":39}},"434":{"start":{"line":808,"column":4},"end":{"line":808,"column":null}},"435":{"start":{"line":808,"column":32},"end":{"line":808,"column":null}},"436":{"start":{"line":811,"column":23},"end":{"line":811,"column":49}},"437":{"start":{"line":812,"column":15},"end":{"line":812,"column":62}},"438":{"start":{"line":813,"column":21},"end":{"line":813,"column":60}},"439":{"start":{"line":814,"column":16},"end":{"line":814,"column":41}},"440":{"start":{"line":815,"column":23},"end":{"line":815,"column":71}},"441":{"start":{"line":816,"column":24},"end":{"line":816,"column":89}},"442":{"start":{"line":817,"column":22},"end":{"line":817,"column":70}},"443":{"start":{"line":819,"column":26},"end":{"line":819,"column":81}},"444":{"start":{"line":820,"column":24},"end":{"line":820,"column":77}},"445":{"start":{"line":821,"column":23},"end":{"line":821,"column":96}},"446":{"start":{"line":824,"column":29},"end":{"line":824,"column":55}},"447":{"start":{"line":827,"column":18},"end":{"line":827,"column":76}},"448":{"start":{"line":830,"column":25},"end":{"line":830,"column":89}},"449":{"start":{"line":832,"column":16},"end":{"line":832,"column":69}},"450":{"start":{"line":833,"column":16},"end":{"line":833,"column":69}},"451":{"start":{"line":834,"column":16},"end":{"line":834,"column":59}},"452":{"start":{"line":835,"column":22},"end":{"line":835,"column":52}},"453":{"start":{"line":837,"column":26},"end":{"line":862,"column":5}},"454":{"start":{"line":865,"column":4},"end":{"line":865,"column":null}},"455":{"start":{"line":866,"column":4},"end":{"line":866,"column":null}},"456":{"start":{"line":867,"column":4},"end":{"line":867,"column":null}},"457":{"start":{"line":868,"column":4},"end":{"line":868,"column":null}},"458":{"start":{"line":869,"column":4},"end":{"line":869,"column":null}},"459":{"start":{"line":870,"column":4},"end":{"line":870,"column":null}},"460":{"start":{"line":872,"column":4},"end":{"line":872,"column":null}},"461":{"start":{"line":876,"column":18},"end":{"line":876,"column":40}},"462":{"start":{"line":877,"column":15},"end":{"line":877,"column":38}},"463":{"start":{"line":878,"column":25},"end":{"line":878,"column":66}},"464":{"start":{"line":879,"column":19},"end":{"line":879,"column":39}},"465":{"start":{"line":881,"column":4},"end":{"line":881,"column":null}},"466":{"start":{"line":881,"column":46},"end":{"line":881,"column":null}},"467":{"start":{"line":882,"column":4},"end":{"line":882,"column":null}},"468":{"start":{"line":882,"column":59},"end":{"line":882,"column":null}},"469":{"start":{"line":883,"column":4},"end":{"line":883,"column":null}},"470":{"start":{"line":883,"column":80},"end":{"line":883,"column":null}},"471":{"start":{"line":885,"column":22},"end":{"line":885,"column":44}},"472":{"start":{"line":886,"column":4},"end":{"line":886,"column":null}},"473":{"start":{"line":886,"column":74},"end":{"line":886,"column":null}},"474":{"start":{"line":888,"column":15},"end":{"line":888,"column":51}},"475":{"start":{"line":889,"column":18},"end":{"line":889,"column":37}},"476":{"start":{"line":890,"column":20},"end":{"line":890,"column":48}},"477":{"start":{"line":891,"column":4},"end":{"line":891,"column":null}},"478":{"start":{"line":891,"column":36},"end":{"line":891,"column":null}},"479":{"start":{"line":894,"column":18},"end":{"line":894,"column":49}},"480":{"start":{"line":895,"column":4},"end":{"line":895,"column":null}},"481":{"start":{"line":895,"column":76},"end":{"line":895,"column":null}},"482":{"start":{"line":897,"column":4},"end":{"line":897,"column":null}},"483":{"start":{"line":897,"column":56},"end":{"line":897,"column":null}},"484":{"start":{"line":898,"column":4},"end":{"line":898,"column":null}},"485":{"start":{"line":898,"column":60},"end":{"line":898,"column":null}},"486":{"start":{"line":899,"column":4},"end":{"line":899,"column":null}},"487":{"start":{"line":899,"column":84},"end":{"line":899,"column":null}},"488":{"start":{"line":901,"column":4},"end":{"line":901,"column":null}},"489":{"start":{"line":909,"column":16},"end":{"line":909,"column":20}},"490":{"start":{"line":911,"column":17},"end":{"line":911,"column":34}},"491":{"start":{"line":912,"column":24},"end":{"line":912,"column":63}},"492":{"start":{"line":913,"column":15},"end":{"line":913,"column":39}},"493":{"start":{"line":914,"column":19},"end":{"line":914,"column":48}},"494":{"start":{"line":915,"column":15},"end":{"line":915,"column":45}},"495":{"start":{"line":916,"column":18},"end":{"line":916,"column":37}},"496":{"start":{"line":917,"column":18},"end":{"line":917,"column":43}},"497":{"start":{"line":918,"column":22},"end":{"line":918,"column":48}},"498":{"start":{"line":921,"column":20},"end":{"line":921,"column":43}},"499":{"start":{"line":922,"column":4},"end":{"line":922,"column":null}},"500":{"start":{"line":925,"column":24},"end":{"line":925,"column":64}},"501":{"start":{"line":926,"column":4},"end":{"line":926,"column":null}},"502":{"start":{"line":929,"column":20},"end":{"line":929,"column":48}},"503":{"start":{"line":930,"column":4},"end":{"line":936,"column":null}},"504":{"start":{"line":931,"column":6},"end":{"line":931,"column":null}},"505":{"start":{"line":932,"column":11},"end":{"line":936,"column":null}},"506":{"start":{"line":933,"column":6},"end":{"line":933,"column":null}},"507":{"start":{"line":935,"column":6},"end":{"line":935,"column":null}},"508":{"start":{"line":939,"column":22},"end":{"line":939,"column":59}},"509":{"start":{"line":940,"column":4},"end":{"line":946,"column":null}},"510":{"start":{"line":941,"column":6},"end":{"line":941,"column":19}},"511":{"start":{"line":942,"column":11},"end":{"line":946,"column":null}},"512":{"start":{"line":943,"column":6},"end":{"line":943,"column":19}},"513":{"start":{"line":944,"column":11},"end":{"line":946,"column":null}},"514":{"start":{"line":945,"column":6},"end":{"line":945,"column":null}},"515":{"start":{"line":948,"column":4},"end":{"line":948,"column":null}},"516":{"start":{"line":969,"column":29},"end":{"line":969,"column":32}},"517":{"start":{"line":970,"column":16},"end":{"line":970,"column":34}},"518":{"start":{"line":971,"column":17},"end":{"line":971,"column":34}},"519":{"start":{"line":972,"column":20},"end":{"line":972,"column":43}},"520":{"start":{"line":973,"column":16},"end":{"line":973,"column":53}},"521":{"start":{"line":976,"column":30},"end":{"line":976,"column":94}},"522":{"start":{"line":980,"column":4},"end":{"line":1007,"column":null}},"523":{"start":{"line":981,"column":24},"end":{"line":981,"column":51}},"524":{"start":{"line":984,"column":27},"end":{"line":984,"column":30}},"525":{"start":{"line":985,"column":6},"end":{"line":989,"column":null}},"526":{"start":{"line":986,"column":8},"end":{"line":986,"column":29}},"527":{"start":{"line":987,"column":13},"end":{"line":989,"column":null}},"528":{"start":{"line":988,"column":8},"end":{"line":988,"column":29}},"529":{"start":{"line":992,"column":6},"end":{"line":1006,"column":null}},"530":{"start":{"line":994,"column":8},"end":{"line":994,"column":null}},"531":{"start":{"line":996,"column":13},"end":{"line":1006,"column":null}},"532":{"start":{"line":998,"column":8},"end":{"line":998,"column":null}},"533":{"start":{"line":1000,"column":13},"end":{"line":1006,"column":null}},"534":{"start":{"line":1002,"column":8},"end":{"line":1002,"column":null}},"535":{"start":{"line":1003,"column":13},"end":{"line":1006,"column":null}},"536":{"start":{"line":1005,"column":8},"end":{"line":1005,"column":null}},"537":{"start":{"line":1012,"column":4},"end":{"line":1020,"column":null}},"538":{"start":{"line":1013,"column":6},"end":{"line":1013,"column":32}},"539":{"start":{"line":1014,"column":11},"end":{"line":1020,"column":null}},"540":{"start":{"line":1015,"column":6},"end":{"line":1015,"column":33}},"541":{"start":{"line":1016,"column":11},"end":{"line":1020,"column":null}},"542":{"start":{"line":1017,"column":6},"end":{"line":1017,"column":32}},"543":{"start":{"line":1018,"column":11},"end":{"line":1020,"column":null}},"544":{"start":{"line":1019,"column":6},"end":{"line":1019,"column":32}},"545":{"start":{"line":1025,"column":26},"end":{"line":1025,"column":49}},"546":{"start":{"line":1026,"column":4},"end":{"line":1034,"column":null}},"547":{"start":{"line":1027,"column":6},"end":{"line":1027,"column":33}},"548":{"start":{"line":1028,"column":11},"end":{"line":1034,"column":null}},"549":{"start":{"line":1029,"column":6},"end":{"line":1029,"column":null}},"550":{"start":{"line":1030,"column":11},"end":{"line":1034,"column":null}},"551":{"start":{"line":1031,"column":6},"end":{"line":1031,"column":33}},"552":{"start":{"line":1032,"column":11},"end":{"line":1034,"column":null}},"553":{"start":{"line":1033,"column":6},"end":{"line":1033,"column":null}},"554":{"start":{"line":1037,"column":4},"end":{"line":1043,"column":null}},"555":{"start":{"line":1038,"column":6},"end":{"line":1038,"column":33}},"556":{"start":{"line":1039,"column":11},"end":{"line":1043,"column":null}},"557":{"start":{"line":1040,"column":6},"end":{"line":1040,"column":null}},"558":{"start":{"line":1041,"column":11},"end":{"line":1043,"column":null}},"559":{"start":{"line":1042,"column":6},"end":{"line":1042,"column":32}},"560":{"start":{"line":1047,"column":4},"end":{"line":1047,"column":null}},"561":{"start":{"line":1055,"column":21},"end":{"line":1055,"column":53}},"562":{"start":{"line":1056,"column":19},"end":{"line":1056,"column":48}},"563":{"start":{"line":1057,"column":15},"end":{"line":1057,"column":39}},"564":{"start":{"line":1058,"column":17},"end":{"line":1058,"column":34}},"565":{"start":{"line":1059,"column":24},"end":{"line":1059,"column":63}},"566":{"start":{"line":1060,"column":15},"end":{"line":1060,"column":45}},"567":{"start":{"line":1061,"column":18},"end":{"line":1061,"column":37}},"568":{"start":{"line":1062,"column":24},"end":{"line":1062,"column":53}},"569":{"start":{"line":1063,"column":22},"end":{"line":1063,"column":48}},"570":{"start":{"line":1066,"column":31},"end":{"line":1066,"column":72}},"571":{"start":{"line":1067,"column":19},"end":{"line":1067,"column":38}},"572":{"start":{"line":1071,"column":22},"end":{"line":1071,"column":71}},"573":{"start":{"line":1073,"column":21},"end":{"line":1073,"column":32}},"574":{"start":{"line":1076,"column":24},"end":{"line":1076,"column":64}},"575":{"start":{"line":1077,"column":4},"end":{"line":1081,"column":null}},"576":{"start":{"line":1078,"column":6},"end":{"line":1078,"column":null}},"577":{"start":{"line":1079,"column":11},"end":{"line":1081,"column":null}},"578":{"start":{"line":1080,"column":6},"end":{"line":1080,"column":null}},"579":{"start":{"line":1084,"column":20},"end":{"line":1084,"column":48}},"580":{"start":{"line":1085,"column":4},"end":{"line":1089,"column":null}},"581":{"start":{"line":1086,"column":6},"end":{"line":1086,"column":24}},"582":{"start":{"line":1087,"column":11},"end":{"line":1089,"column":null}},"583":{"start":{"line":1088,"column":6},"end":{"line":1088,"column":24}},"584":{"start":{"line":1092,"column":26},"end":{"line":1092,"column":70}},"585":{"start":{"line":1095,"column":4},"end":{"line":1109,"column":null}},"586":{"start":{"line":1096,"column":6},"end":{"line":1096,"column":null}},"587":{"start":{"line":1099,"column":24},"end":{"line":1099,"column":51}},"588":{"start":{"line":1100,"column":27},"end":{"line":1100,"column":46}},"589":{"start":{"line":1101,"column":20},"end":{"line":1101,"column":58}},"590":{"start":{"line":1102,"column":6},"end":{"line":1108,"column":null}},"591":{"start":{"line":1103,"column":8},"end":{"line":1103,"column":null}},"592":{"start":{"line":1104,"column":13},"end":{"line":1108,"column":null}},"593":{"start":{"line":1105,"column":8},"end":{"line":1105,"column":null}},"594":{"start":{"line":1107,"column":8},"end":{"line":1107,"column":null}},"595":{"start":{"line":1112,"column":4},"end":{"line":1118,"column":null}},"596":{"start":{"line":1113,"column":6},"end":{"line":1113,"column":24}},"597":{"start":{"line":1114,"column":11},"end":{"line":1118,"column":null}},"598":{"start":{"line":1115,"column":6},"end":{"line":1115,"column":25}},"599":{"start":{"line":1116,"column":11},"end":{"line":1118,"column":null}},"600":{"start":{"line":1117,"column":6},"end":{"line":1117,"column":25}},"601":{"start":{"line":1121,"column":31},"end":{"line":1121,"column":75}},"602":{"start":{"line":1122,"column":4},"end":{"line":1126,"column":null}},"603":{"start":{"line":1123,"column":6},"end":{"line":1123,"column":null}},"604":{"start":{"line":1124,"column":11},"end":{"line":1126,"column":null}},"605":{"start":{"line":1125,"column":6},"end":{"line":1125,"column":null}},"606":{"start":{"line":1130,"column":51},"end":{"line":1130,"column":69}},"607":{"start":{"line":1132,"column":4},"end":{"line":1147,"column":null}},"608":{"start":{"line":1133,"column":6},"end":{"line":1133,"column":null}},"609":{"start":{"line":1134,"column":6},"end":{"line":1134,"column":null}},"610":{"start":{"line":1135,"column":11},"end":{"line":1147,"column":null}},"611":{"start":{"line":1136,"column":6},"end":{"line":1136,"column":null}},"612":{"start":{"line":1137,"column":6},"end":{"line":1137,"column":null}},"613":{"start":{"line":1138,"column":11},"end":{"line":1147,"column":null}},"614":{"start":{"line":1139,"column":6},"end":{"line":1139,"column":null}},"615":{"start":{"line":1140,"column":6},"end":{"line":1140,"column":null}},"616":{"start":{"line":1141,"column":11},"end":{"line":1147,"column":null}},"617":{"start":{"line":1142,"column":6},"end":{"line":1142,"column":null}},"618":{"start":{"line":1143,"column":6},"end":{"line":1143,"column":null}},"619":{"start":{"line":1145,"column":6},"end":{"line":1145,"column":null}},"620":{"start":{"line":1146,"column":6},"end":{"line":1146,"column":null}},"621":{"start":{"line":1150,"column":4},"end":{"line":1150,"column":null}},"622":{"start":{"line":1153,"column":25},"end":{"line":1153,"column":55}},"623":{"start":{"line":1155,"column":4},"end":{"line":1162,"column":null}},"624":{"start":{"line":1174,"column":16},"end":{"line":1174,"column":53}},"625":{"start":{"line":1175,"column":27},"end":{"line":1175,"column":83}},"626":{"start":{"line":1177,"column":4},"end":{"line":1177,"column":null}},"627":{"start":{"line":1177,"column":18},"end":{"line":1177,"column":null}},"628":{"start":{"line":1178,"column":4},"end":{"line":1178,"column":null}},"629":{"start":{"line":1178,"column":31},"end":{"line":1178,"column":null}},"630":{"start":{"line":1179,"column":4},"end":{"line":1179,"column":null}},"631":{"start":{"line":1179,"column":44},"end":{"line":1179,"column":null}},"632":{"start":{"line":1180,"column":4},"end":{"line":1180,"column":null}},"633":{"start":{"line":1180,"column":42},"end":{"line":1180,"column":null}},"634":{"start":{"line":1181,"column":4},"end":{"line":1181,"column":null}},"635":{"start":{"line":1181,"column":30},"end":{"line":1181,"column":null}},"636":{"start":{"line":1182,"column":4},"end":{"line":1182,"column":null}},"637":{"start":{"line":1189,"column":17},"end":{"line":1193,"column":5}},"638":{"start":{"line":1194,"column":4},"end":{"line":1194,"column":null}},"639":{"start":{"line":1206,"column":4},"end":{"line":1206,"column":null}},"640":{"start":{"line":1217,"column":15},"end":{"line":1217,"column":38}},"641":{"start":{"line":1218,"column":18},"end":{"line":1218,"column":39}},"642":{"start":{"line":1219,"column":15},"end":{"line":1219,"column":41}},"643":{"start":{"line":1221,"column":27},"end":{"line":1221,"column":28}},"644":{"start":{"line":1222,"column":4},"end":{"line":1223,"column":null}},"645":{"start":{"line":1222,"column":21},"end":{"line":1222,"column":null}},"646":{"start":{"line":1223,"column":9},"end":{"line":1223,"column":null}},"647":{"start":{"line":1223,"column":26},"end":{"line":1223,"column":null}},"648":{"start":{"line":1225,"column":4},"end":{"line":1226,"column":null}},"649":{"start":{"line":1225,"column":31},"end":{"line":1225,"column":null}},"650":{"start":{"line":1226,"column":9},"end":{"line":1226,"column":null}},"651":{"start":{"line":1226,"column":36},"end":{"line":1226,"column":null}},"652":{"start":{"line":1228,"column":4},"end":{"line":1228,"column":null}},"653":{"start":{"line":1228,"column":19},"end":{"line":1228,"column":null}},"654":{"start":{"line":1229,"column":4},"end":{"line":1229,"column":null}},"655":{"start":{"line":1229,"column":44},"end":{"line":1229,"column":null}},"656":{"start":{"line":1231,"column":4},"end":{"line":1231,"column":null}},"657":{"start":{"line":1231,"column":31},"end":{"line":1231,"column":null}},"658":{"start":{"line":1232,"column":4},"end":{"line":1232,"column":null}},"659":{"start":{"line":1232,"column":31},"end":{"line":1232,"column":null}},"660":{"start":{"line":1233,"column":4},"end":{"line":1233,"column":null}},"661":{"start":{"line":1244,"column":4},"end":{"line":1244,"column":null}},"662":{"start":{"line":1244,"column":28},"end":{"line":1244,"column":null}},"663":{"start":{"line":1245,"column":4},"end":{"line":1245,"column":null}},"664":{"start":{"line":1245,"column":28},"end":{"line":1245,"column":null}},"665":{"start":{"line":1246,"column":4},"end":{"line":1246,"column":null}},"666":{"start":{"line":1246,"column":28},"end":{"line":1246,"column":null}},"667":{"start":{"line":1247,"column":4},"end":{"line":1247,"column":null}},"668":{"start":{"line":1247,"column":27},"end":{"line":1247,"column":null}},"669":{"start":{"line":1248,"column":4},"end":{"line":1248,"column":null}},"670":{"start":{"line":1259,"column":21},"end":{"line":1259,"column":45}},"671":{"start":{"line":1260,"column":27},"end":{"line":1260,"column":73}},"672":{"start":{"line":1261,"column":19},"end":{"line":1261,"column":49}},"673":{"start":{"line":1262,"column":24},"end":{"line":1262,"column":53}},"674":{"start":{"line":1264,"column":26},"end":{"line":1266,"column":33}},"675":{"start":{"line":1267,"column":29},"end":{"line":1267,"column":60}},"676":{"start":{"line":1269,"column":4},"end":{"line":1271,"column":null}},"677":{"start":{"line":1270,"column":6},"end":{"line":1270,"column":null}},"678":{"start":{"line":1273,"column":20},"end":{"line":1273,"column":38}},"679":{"start":{"line":1274,"column":17},"end":{"line":1274,"column":29}},"680":{"start":{"line":1276,"column":4},"end":{"line":1286,"column":null}},"681":{"start":{"line":1277,"column":6},"end":{"line":1277,"column":null}},"682":{"start":{"line":1277,"column":27},"end":{"line":1277,"column":null}},"683":{"start":{"line":1278,"column":6},"end":{"line":1278,"column":null}},"684":{"start":{"line":1278,"column":28},"end":{"line":1278,"column":null}},"685":{"start":{"line":1279,"column":6},"end":{"line":1279,"column":null}},"686":{"start":{"line":1279,"column":28},"end":{"line":1279,"column":null}},"687":{"start":{"line":1280,"column":6},"end":{"line":1280,"column":null}},"688":{"start":{"line":1280,"column":29},"end":{"line":1280,"column":null}},"689":{"start":{"line":1282,"column":6},"end":{"line":1282,"column":null}},"690":{"start":{"line":1282,"column":28},"end":{"line":1282,"column":null}},"691":{"start":{"line":1283,"column":6},"end":{"line":1283,"column":null}},"692":{"start":{"line":1283,"column":27},"end":{"line":1283,"column":null}},"693":{"start":{"line":1284,"column":6},"end":{"line":1284,"column":null}},"694":{"start":{"line":1284,"column":29},"end":{"line":1284,"column":null}},"695":{"start":{"line":1285,"column":6},"end":{"line":1285,"column":null}},"696":{"start":{"line":1285,"column":28},"end":{"line":1285,"column":null}},"697":{"start":{"line":1288,"column":4},"end":{"line":1288,"column":null}},"698":{"start":{"line":1300,"column":21},"end":{"line":1300,"column":23}},"699":{"start":{"line":1301,"column":19},"end":{"line":1301,"column":49}},"700":{"start":{"line":1302,"column":16},"end":{"line":1302,"column":44}},"701":{"start":{"line":1303,"column":27},"end":{"line":1303,"column":73}},"702":{"start":{"line":1306,"column":4},"end":{"line":1310,"column":null}},"703":{"start":{"line":1307,"column":6},"end":{"line":1307,"column":null}},"704":{"start":{"line":1308,"column":11},"end":{"line":1310,"column":null}},"705":{"start":{"line":1309,"column":6},"end":{"line":1309,"column":null}},"706":{"start":{"line":1313,"column":16},"end":{"line":1313,"column":53}},"707":{"start":{"line":1314,"column":4},"end":{"line":1316,"column":null}},"708":{"start":{"line":1315,"column":6},"end":{"line":1315,"column":null}},"709":{"start":{"line":1319,"column":4},"end":{"line":1321,"column":null}},"710":{"start":{"line":1320,"column":6},"end":{"line":1320,"column":null}},"711":{"start":{"line":1324,"column":17},"end":{"line":1324,"column":34}},"712":{"start":{"line":1325,"column":20},"end":{"line":1325,"column":72}},"713":{"start":{"line":1326,"column":18},"end":{"line":1326,"column":88}},"714":{"start":{"line":1327,"column":4},"end":{"line":1329,"column":null}},"715":{"start":{"line":1328,"column":6},"end":{"line":1328,"column":null}},"716":{"start":{"line":1332,"column":4},"end":{"line":1340,"column":null}},"717":{"start":{"line":1333,"column":6},"end":{"line":1333,"column":null}},"718":{"start":{"line":1334,"column":11},"end":{"line":1340,"column":null}},"719":{"start":{"line":1335,"column":6},"end":{"line":1335,"column":null}},"720":{"start":{"line":1336,"column":11},"end":{"line":1340,"column":null}},"721":{"start":{"line":1337,"column":6},"end":{"line":1337,"column":null}},"722":{"start":{"line":1338,"column":11},"end":{"line":1340,"column":null}},"723":{"start":{"line":1339,"column":6},"end":{"line":1339,"column":null}},"724":{"start":{"line":1343,"column":4},"end":{"line":1345,"column":null}},"725":{"start":{"line":1344,"column":6},"end":{"line":1344,"column":null}},"726":{"start":{"line":1347,"column":4},"end":{"line":1347,"column":null}},"727":{"start":{"line":1354,"column":20},"end":{"line":1354,"column":22}},"728":{"start":{"line":1355,"column":19},"end":{"line":1355,"column":49}},"729":{"start":{"line":1356,"column":17},"end":{"line":1356,"column":34}},"730":{"start":{"line":1357,"column":24},"end":{"line":1357,"column":46}},"731":{"start":{"line":1358,"column":22},"end":{"line":1358,"column":59}},"732":{"start":{"line":1362,"column":4},"end":{"line":1365,"column":null}},"733":{"start":{"line":1362,"column":26},"end":{"line":1362,"column":null}},"734":{"start":{"line":1363,"column":9},"end":{"line":1365,"column":null}},"735":{"start":{"line":1363,"column":31},"end":{"line":1363,"column":null}},"736":{"start":{"line":1364,"column":9},"end":{"line":1365,"column":null}},"737":{"start":{"line":1364,"column":31},"end":{"line":1364,"column":null}},"738":{"start":{"line":1365,"column":9},"end":{"line":1365,"column":null}},"739":{"start":{"line":1366,"column":4},"end":{"line":1366,"column":null}},"740":{"start":{"line":1369,"column":21},"end":{"line":1369,"column":64}},"741":{"start":{"line":1370,"column":18},"end":{"line":1370,"column":20}},"742":{"start":{"line":1371,"column":4},"end":{"line":1373,"column":null}},"743":{"start":{"line":1371,"column":44},"end":{"line":1371,"column":null}},"744":{"start":{"line":1372,"column":9},"end":{"line":1373,"column":null}},"745":{"start":{"line":1372,"column":50},"end":{"line":1372,"column":null}},"746":{"start":{"line":1373,"column":9},"end":{"line":1373,"column":null}},"747":{"start":{"line":1373,"column":51},"end":{"line":1373,"column":null}},"748":{"start":{"line":1374,"column":4},"end":{"line":1374,"column":null}},"749":{"start":{"line":1377,"column":19},"end":{"line":1377,"column":45}},"750":{"start":{"line":1378,"column":21},"end":{"line":1378,"column":71}},"751":{"start":{"line":1379,"column":21},"end":{"line":1379,"column":67}},"752":{"start":{"line":1380,"column":4},"end":{"line":1380,"column":null}},"753":{"start":{"line":1383,"column":15},"end":{"line":1383,"column":43}},"754":{"start":{"line":1384,"column":20},"end":{"line":1384,"column":55}},"755":{"start":{"line":1385,"column":4},"end":{"line":1385,"column":null}},"756":{"start":{"line":1388,"column":15},"end":{"line":1388,"column":34}},"757":{"start":{"line":1389,"column":18},"end":{"line":1389,"column":37}},"758":{"start":{"line":1390,"column":20},"end":{"line":1390,"column":46}},"759":{"start":{"line":1391,"column":20},"end":{"line":1391,"column":64}},"760":{"start":{"line":1392,"column":4},"end":{"line":1392,"column":null}},"761":{"start":{"line":1395,"column":4},"end":{"line":1395,"column":null}},"762":{"start":{"line":1395,"column":34},"end":{"line":1395,"column":51}},"763":{"start":{"line":1399,"column":4},"end":{"line":1403,"column":null}},"764":{"start":{"line":1400,"column":6},"end":{"line":1400,"column":null}},"765":{"start":{"line":1401,"column":11},"end":{"line":1403,"column":null}},"766":{"start":{"line":1402,"column":6},"end":{"line":1402,"column":null}},"767":{"start":{"line":1404,"column":4},"end":{"line":1404,"column":null}},"768":{"start":{"line":1431,"column":4},"end":{"line":1431,"column":null}},"769":{"start":{"line":1431,"column":50},"end":{"line":1431,"column":null}},"770":{"start":{"line":1433,"column":17},"end":{"line":1433,"column":34}},"771":{"start":{"line":1434,"column":22},"end":{"line":1434,"column":50}},"772":{"start":{"line":1435,"column":20},"end":{"line":1435,"column":64}},"773":{"start":{"line":1436,"column":21},"end":{"line":1436,"column":72}},"774":{"start":{"line":1437,"column":16},"end":{"line":1437,"column":53}},"775":{"start":{"line":1438,"column":19},"end":{"line":1438,"column":68}},"776":{"start":{"line":1439,"column":17},"end":{"line":1439,"column":84}},"777":{"start":{"line":1440,"column":22},"end":{"line":1440,"column":46}},"778":{"start":{"line":1441,"column":22},"end":{"line":1441,"column":46}},"779":{"start":{"line":1444,"column":20},"end":{"line":1444,"column":76}},"780":{"start":{"line":1445,"column":17},"end":{"line":1445,"column":29}},"781":{"start":{"line":1446,"column":4},"end":{"line":1447,"column":null}},"782":{"start":{"line":1446,"column":35},"end":{"line":1446,"column":null}},"783":{"start":{"line":1447,"column":9},"end":{"line":1447,"column":null}},"784":{"start":{"line":1447,"column":28},"end":{"line":1447,"column":null}},"785":{"start":{"line":1449,"column":23},"end":{"line":1449,"column":25}},"786":{"start":{"line":1452,"column":20},"end":{"line":1454,"column":5}},"787":{"start":{"line":1452,"column":32},"end":{"line":1454,"column":5}},"788":{"start":{"line":1453,"column":6},"end":{"line":1453,"column":null}},"789":{"start":{"line":1455,"column":22},"end":{"line":1455,"column":47}},"790":{"start":{"line":1458,"column":4},"end":{"line":1472,"column":null}},"791":{"start":{"line":1459,"column":6},"end":{"line":1462,"column":null}},"792":{"start":{"line":1460,"column":18},"end":{"line":1460,"column":92}},"793":{"start":{"line":1461,"column":8},"end":{"line":1461,"column":null}},"794":{"start":{"line":1461,"column":15},"end":{"line":1461,"column":null}},"795":{"start":{"line":1463,"column":16},"end":{"line":1463,"column":110}},"796":{"start":{"line":1464,"column":6},"end":{"line":1464,"column":null}},"797":{"start":{"line":1464,"column":13},"end":{"line":1464,"column":null}},"798":{"start":{"line":1465,"column":11},"end":{"line":1472,"column":null}},"799":{"start":{"line":1466,"column":6},"end":{"line":1469,"column":null}},"800":{"start":{"line":1467,"column":18},"end":{"line":1467,"column":93}},"801":{"start":{"line":1468,"column":8},"end":{"line":1468,"column":null}},"802":{"start":{"line":1468,"column":15},"end":{"line":1468,"column":null}},"803":{"start":{"line":1470,"column":16},"end":{"line":1470,"column":109}},"804":{"start":{"line":1471,"column":6},"end":{"line":1471,"column":null}},"805":{"start":{"line":1471,"column":13},"end":{"line":1471,"column":null}},"806":{"start":{"line":1475,"column":4},"end":{"line":1484,"column":null}},"807":{"start":{"line":1476,"column":6},"end":{"line":1479,"column":null}},"808":{"start":{"line":1477,"column":18},"end":{"line":1477,"column":95}},"809":{"start":{"line":1478,"column":8},"end":{"line":1478,"column":null}},"810":{"start":{"line":1478,"column":15},"end":{"line":1478,"column":null}},"811":{"start":{"line":1480,"column":6},"end":{"line":1483,"column":null}},"812":{"start":{"line":1481,"column":18},"end":{"line":1481,"column":93}},"813":{"start":{"line":1482,"column":8},"end":{"line":1482,"column":null}},"814":{"start":{"line":1482,"column":15},"end":{"line":1482,"column":null}},"815":{"start":{"line":1487,"column":4},"end":{"line":1490,"column":null}},"816":{"start":{"line":1488,"column":16},"end":{"line":1488,"column":81}},"817":{"start":{"line":1489,"column":6},"end":{"line":1489,"column":null}},"818":{"start":{"line":1489,"column":13},"end":{"line":1489,"column":null}},"819":{"start":{"line":1493,"column":4},"end":{"line":1493,"column":null}},"820":{"start":{"line":1493,"column":30},"end":{"line":1493,"column":61}},"821":{"start":{"line":1494,"column":4},"end":{"line":1494,"column":null}},"822":{"start":{"line":1500,"column":16},"end":{"line":1500,"column":40}},"823":{"start":{"line":1501,"column":4},"end":{"line":1501,"column":null}},"824":{"start":{"line":1501,"column":32},"end":{"line":1501,"column":null}},"825":{"start":{"line":1502,"column":16},"end":{"line":1502,"column":29}},"826":{"start":{"line":1503,"column":19},"end":{"line":1503,"column":34}},"827":{"start":{"line":1504,"column":20},"end":{"line":1504,"column":33}},"828":{"start":{"line":1505,"column":18},"end":{"line":1505,"column":34}},"829":{"start":{"line":1506,"column":16},"end":{"line":1506,"column":64}},"830":{"start":{"line":1507,"column":17},"end":{"line":1507,"column":50}},"831":{"start":{"line":1508,"column":17},"end":{"line":1508,"column":116}},"832":{"start":{"line":1509,"column":19},"end":{"line":1509,"column":55}},"833":{"start":{"line":1510,"column":20},"end":{"line":1510,"column":89}},"834":{"start":{"line":1512,"column":4},"end":{"line":1532,"column":null}},"835":{"start":{"line":1536,"column":19},"end":{"line":1536,"column":37}},"836":{"start":{"line":1537,"column":23},"end":{"line":1537,"column":47}},"837":{"start":{"line":1538,"column":20},"end":{"line":1538,"column":39}},"838":{"start":{"line":1539,"column":4},"end":{"line":1539,"column":null}},"839":{"start":{"line":1539,"column":81},"end":{"line":1539,"column":null}},"840":{"start":{"line":1541,"column":19},"end":{"line":1541,"column":28}},"841":{"start":{"line":1541,"column":40},"end":{"line":1541,"column":50}},"842":{"start":{"line":1542,"column":19},"end":{"line":1542,"column":40}},"843":{"start":{"line":1542,"column":52},"end":{"line":1542,"column":74}},"844":{"start":{"line":1543,"column":4},"end":{"line":1543,"column":null}},"845":{"start":{"line":1543,"column":21},"end":{"line":1543,"column":null}},"846":{"start":{"line":1545,"column":21},"end":{"line":1545,"column":49}},"847":{"start":{"line":1546,"column":18},"end":{"line":1546,"column":70}},"848":{"start":{"line":1547,"column":22},"end":{"line":1547,"column":38}},"849":{"start":{"line":1548,"column":22},"end":{"line":1548,"column":52}},"850":{"start":{"line":1549,"column":16},"end":{"line":1549,"column":55}},"851":{"start":{"line":1551,"column":17},"end":{"line":1554,"column":5}},"852":{"start":{"line":1555,"column":19},"end":{"line":1555,"column":61}},"853":{"start":{"line":1556,"column":20},"end":{"line":1556,"column":105}},"854":{"start":{"line":1558,"column":4},"end":{"line":1579,"column":null}},"855":{"start":{"line":1583,"column":19},"end":{"line":1583,"column":37}},"856":{"start":{"line":1584,"column":23},"end":{"line":1584,"column":47}},"857":{"start":{"line":1585,"column":20},"end":{"line":1585,"column":39}},"858":{"start":{"line":1586,"column":4},"end":{"line":1586,"column":null}},"859":{"start":{"line":1586,"column":81},"end":{"line":1586,"column":null}},"860":{"start":{"line":1588,"column":19},"end":{"line":1588,"column":28}},"861":{"start":{"line":1588,"column":40},"end":{"line":1588,"column":50}},"862":{"start":{"line":1589,"column":19},"end":{"line":1589,"column":40}},"863":{"start":{"line":1589,"column":52},"end":{"line":1589,"column":74}},"864":{"start":{"line":1590,"column":4},"end":{"line":1590,"column":null}},"865":{"start":{"line":1590,"column":21},"end":{"line":1590,"column":null}},"866":{"start":{"line":1592,"column":21},"end":{"line":1592,"column":49}},"867":{"start":{"line":1593,"column":18},"end":{"line":1593,"column":70}},"868":{"start":{"line":1594,"column":22},"end":{"line":1594,"column":38}},"869":{"start":{"line":1595,"column":22},"end":{"line":1595,"column":52}},"870":{"start":{"line":1596,"column":16},"end":{"line":1596,"column":55}},"871":{"start":{"line":1598,"column":17},"end":{"line":1601,"column":5}},"872":{"start":{"line":1602,"column":19},"end":{"line":1602,"column":61}},"873":{"start":{"line":1603,"column":20},"end":{"line":1603,"column":104}},"874":{"start":{"line":1605,"column":4},"end":{"line":1626,"column":null}},"875":{"start":{"line":1630,"column":18},"end":{"line":1630,"column":51}},"876":{"start":{"line":1631,"column":18},"end":{"line":1631,"column":51}},"877":{"start":{"line":1632,"column":18},"end":{"line":1632,"column":51}},"878":{"start":{"line":1633,"column":18},"end":{"line":1633,"column":51}},"879":{"start":{"line":1635,"column":4},"end":{"line":1635,"column":null}},"880":{"start":{"line":1635,"column":58},"end":{"line":1635,"column":null}},"881":{"start":{"line":1636,"column":15},"end":{"line":1636,"column":23}},"882":{"start":{"line":1636,"column":30},"end":{"line":1636,"column":38}},"883":{"start":{"line":1636,"column":45},"end":{"line":1636,"column":53}},"884":{"start":{"line":1636,"column":60},"end":{"line":1636,"column":68}},"885":{"start":{"line":1637,"column":18},"end":{"line":1637,"column":35}},"886":{"start":{"line":1637,"column":45},"end":{"line":1637,"column":62}},"887":{"start":{"line":1638,"column":18},"end":{"line":1638,"column":35}},"888":{"start":{"line":1638,"column":45},"end":{"line":1638,"column":62}},"889":{"start":{"line":1640,"column":22},"end":{"line":1640,"column":63}},"890":{"start":{"line":1641,"column":4},"end":{"line":1641,"column":null}},"891":{"start":{"line":1641,"column":24},"end":{"line":1641,"column":null}},"892":{"start":{"line":1642,"column":22},"end":{"line":1642,"column":71}},"893":{"start":{"line":1643,"column":20},"end":{"line":1643,"column":41}},"894":{"start":{"line":1645,"column":20},"end":{"line":1645,"column":45}},"895":{"start":{"line":1646,"column":20},"end":{"line":1646,"column":45}},"896":{"start":{"line":1647,"column":16},"end":{"line":1647,"column":63}},"897":{"start":{"line":1649,"column":17},"end":{"line":1654,"column":5}},"898":{"start":{"line":1655,"column":19},"end":{"line":1655,"column":49}},"899":{"start":{"line":1656,"column":20},"end":{"line":1656,"column":100}},"900":{"start":{"line":1658,"column":4},"end":{"line":1679,"column":null}},"901":{"start":{"line":1683,"column":17},"end":{"line":1683,"column":50}},"902":{"start":{"line":1684,"column":17},"end":{"line":1684,"column":50}},"903":{"start":{"line":1685,"column":4},"end":{"line":1685,"column":null}},"904":{"start":{"line":1685,"column":30},"end":{"line":1685,"column":null}},"905":{"start":{"line":1687,"column":17},"end":{"line":1687,"column":24}},"906":{"start":{"line":1687,"column":32},"end":{"line":1687,"column":39}},"907":{"start":{"line":1688,"column":17},"end":{"line":1688,"column":36}},"908":{"start":{"line":1688,"column":45},"end":{"line":1688,"column":63}},"909":{"start":{"line":1689,"column":25},"end":{"line":1689,"column":48}},"910":{"start":{"line":1690,"column":4},"end":{"line":1690,"column":null}},"911":{"start":{"line":1690,"column":27},"end":{"line":1690,"column":null}},"912":{"start":{"line":1692,"column":19},"end":{"line":1692,"column":46}},"913":{"start":{"line":1693,"column":19},"end":{"line":1693,"column":45}},"914":{"start":{"line":1694,"column":16},"end":{"line":1694,"column":61}},"915":{"start":{"line":1696,"column":17},"end":{"line":1699,"column":5}},"916":{"start":{"line":1700,"column":19},"end":{"line":1700,"column":49}},"917":{"start":{"line":1701,"column":20},"end":{"line":1701,"column":100}},"918":{"start":{"line":1703,"column":4},"end":{"line":1723,"column":null}},"919":{"start":{"line":1727,"column":4},"end":{"line":1727,"column":null}},"920":{"start":{"line":1727,"column":28},"end":{"line":1727,"column":null}},"921":{"start":{"line":1728,"column":17},"end":{"line":1728,"column":23}},"922":{"start":{"line":1728,"column":31},"end":{"line":1728,"column":37}},"923":{"start":{"line":1729,"column":17},"end":{"line":1729,"column":36}},"924":{"start":{"line":1729,"column":45},"end":{"line":1729,"column":63}},"925":{"start":{"line":1730,"column":25},"end":{"line":1730,"column":48}},"926":{"start":{"line":1731,"column":4},"end":{"line":1731,"column":null}},"927":{"start":{"line":1731,"column":27},"end":{"line":1731,"column":null}},"928":{"start":{"line":1732,"column":19},"end":{"line":1732,"column":34}},"929":{"start":{"line":1733,"column":19},"end":{"line":1733,"column":41}},"930":{"start":{"line":1735,"column":17},"end":{"line":1738,"column":5}},"931":{"start":{"line":1739,"column":19},"end":{"line":1739,"column":49}},"932":{"start":{"line":1740,"column":20},"end":{"line":1740,"column":101}},"933":{"start":{"line":1742,"column":4},"end":{"line":1763,"column":null}},"934":{"start":{"line":1769,"column":12},"end":{"line":1769,"column":13}},"935":{"start":{"line":1769,"column":19},"end":{"line":1769,"column":20}},"936":{"start":{"line":1769,"column":26},"end":{"line":1769,"column":27}},"937":{"start":{"line":1769,"column":33},"end":{"line":1769,"column":34}},"938":{"start":{"line":1770,"column":4},"end":{"line":1777,"column":null}},"939":{"start":{"line":1771,"column":19},"end":{"line":1771,"column":48}},"940":{"start":{"line":1772,"column":16},"end":{"line":1772,"column":32}},"941":{"start":{"line":1773,"column":6},"end":{"line":1773,"column":null}},"942":{"start":{"line":1774,"column":6},"end":{"line":1774,"column":null}},"943":{"start":{"line":1775,"column":6},"end":{"line":1775,"column":null}},"944":{"start":{"line":1776,"column":6},"end":{"line":1776,"column":null}},"945":{"start":{"line":1778,"column":4},"end":{"line":1778,"column":null}},"946":{"start":{"line":1782,"column":4},"end":{"line":1782,"column":null}},"947":{"start":{"line":1786,"column":17},"end":{"line":1786,"column":84}},"948":{"start":{"line":1787,"column":14},"end":{"line":1787,"column":47}},"949":{"start":{"line":1790,"column":19},"end":{"line":1790,"column":60}},"950":{"start":{"line":1791,"column":24},"end":{"line":1791,"column":70}},"951":{"start":{"line":1794,"column":21},"end":{"line":1794,"column":60}},"952":{"start":{"line":1797,"column":18},"end":{"line":1797,"column":20}},"953":{"start":{"line":1798,"column":4},"end":{"line":1801,"column":null}},"954":{"start":{"line":1799,"column":6},"end":{"line":1800,"column":null}},"955":{"start":{"line":1799,"column":30},"end":{"line":1799,"column":null}},"956":{"start":{"line":1800,"column":11},"end":{"line":1800,"column":null}},"957":{"start":{"line":1804,"column":19},"end":{"line":1806,"column":9}},"958":{"start":{"line":1805,"column":30},"end":{"line":1805,"column":90}},"959":{"start":{"line":1807,"column":21},"end":{"line":1807,"column":61}},"960":{"start":{"line":1810,"column":16},"end":{"line":1810,"column":43}},"961":{"start":{"line":1811,"column":22},"end":{"line":1811,"column":39}},"962":{"start":{"line":1812,"column":26},"end":{"line":1812,"column":64}},"963":{"start":{"line":1813,"column":20},"end":{"line":1813,"column":22}},"964":{"start":{"line":1814,"column":4},"end":{"line":1816,"column":null}},"965":{"start":{"line":1814,"column":33},"end":{"line":1814,"column":null}},"966":{"start":{"line":1815,"column":9},"end":{"line":1816,"column":null}},"967":{"start":{"line":1815,"column":36},"end":{"line":1815,"column":null}},"968":{"start":{"line":1816,"column":9},"end":{"line":1816,"column":null}},"969":{"start":{"line":1816,"column":36},"end":{"line":1816,"column":null}},"970":{"start":{"line":1818,"column":18},"end":{"line":1818,"column":140}},"971":{"start":{"line":1820,"column":4},"end":{"line":1823,"column":null}},"972":{"start":{"line":1827,"column":33},"end":{"line":1827,"column":56}}},"fnMap":{"0":{"name":"(anonymous_0)","decl":{"start":{"line":9,"column":2},"end":{"line":9,"column":13}},"loc":{"start":{"line":9,"column":16},"end":{"line":25,"column":null}},"line":9},"1":{"name":"(anonymous_1)","decl":{"start":{"line":34,"column":8},"end":{"line":34,"column":26}},"loc":{"start":{"line":34,"column":74},"end":{"line":60,"column":null}},"line":34},"2":{"name":"(anonymous_2)","decl":{"start":{"line":65,"column":2},"end":{"line":65,"column":18}},"loc":{"start":{"line":65,"column":53},"end":{"line":144,"column":null}},"line":65},"3":{"name":"(anonymous_3)","decl":{"start":{"line":149,"column":2},"end":{"line":149,"column":18}},"loc":{"start":{"line":149,"column":59},"end":{"line":215,"column":null}},"line":149},"4":{"name":"(anonymous_4)","decl":{"start":{"line":220,"column":2},"end":{"line":220,"column":23}},"loc":{"start":{"line":220,"column":58},"end":{"line":498,"column":null}},"line":220},"5":{"name":"(anonymous_5)","decl":{"start":{"line":503,"column":2},"end":{"line":503,"column":20}},"loc":{"start":{"line":503,"column":64},"end":{"line":607,"column":null}},"line":503},"6":{"name":"(anonymous_6)","decl":{"start":{"line":521,"column":41},"end":{"line":521,"column":42}},"loc":{"start":{"line":522,"column":6},"end":{"line":522,"column":null}},"line":522},"7":{"name":"(anonymous_7)","decl":{"start":{"line":526,"column":36},"end":{"line":526,"column":39}},"loc":{"start":{"line":526,"column":43},"end":{"line":526,"column":72}},"line":526},"8":{"name":"(anonymous_8)","decl":{"start":{"line":591,"column":41},"end":{"line":591,"column":44}},"loc":{"start":{"line":591,"column":48},"end":{"line":591,"column":82}},"line":591},"9":{"name":"(anonymous_9)","decl":{"start":{"line":597,"column":43},"end":{"line":597,"column":44}},"loc":{"start":{"line":597,"column":57},"end":{"line":599,"column":7}},"line":597},"10":{"name":"(anonymous_10)","decl":{"start":{"line":613,"column":2},"end":{"line":613,"column":26}},"loc":{"start":{"line":613,"column":49},"end":{"line":793,"column":null}},"line":613},"11":{"name":"(anonymous_11)","decl":{"start":{"line":654,"column":41},"end":{"line":654,"column":42}},"loc":{"start":{"line":655,"column":6},"end":{"line":655,"column":null}},"line":655},"12":{"name":"(anonymous_12)","decl":{"start":{"line":664,"column":24},"end":{"line":664,"column":27}},"loc":{"start":{"line":664,"column":31},"end":{"line":677,"column":5}},"line":664},"13":{"name":"(anonymous_13)","decl":{"start":{"line":682,"column":36},"end":{"line":682,"column":37}},"loc":{"start":{"line":682,"column":41},"end":{"line":682,"column":81}},"line":682},"14":{"name":"(anonymous_14)","decl":{"start":{"line":775,"column":29},"end":{"line":775,"column":30}},"loc":{"start":{"line":775,"column":39},"end":{"line":779,"column":7}},"line":775},"15":{"name":"(anonymous_15)","decl":{"start":{"line":779,"column":25},"end":{"line":779,"column":26}},"loc":{"start":{"line":779,"column":31},"end":{"line":779,"column":60}},"line":779},"16":{"name":"(anonymous_16)","decl":{"start":{"line":784,"column":47},"end":{"line":784,"column":48}},"loc":{"start":{"line":784,"column":57},"end":{"line":788,"column":5}},"line":784},"17":{"name":"(anonymous_17)","decl":{"start":{"line":790,"column":43},"end":{"line":790,"column":44}},"loc":{"start":{"line":790,"column":48},"end":{"line":790,"column":69}},"line":790},"18":{"name":"(anonymous_18)","decl":{"start":{"line":791,"column":42},"end":{"line":791,"column":43}},"loc":{"start":{"line":791,"column":47},"end":{"line":791,"column":68}},"line":791},"19":{"name":"(anonymous_19)","decl":{"start":{"line":798,"column":2},"end":{"line":798,"column":18}},"loc":{"start":{"line":798,"column":58},"end":{"line":873,"column":null}},"line":798},"20":{"name":"(anonymous_20)","decl":{"start":{"line":875,"column":2},"end":{"line":875,"column":27}},"loc":{"start":{"line":875,"column":49},"end":{"line":902,"column":null}},"line":875},"21":{"name":"(anonymous_21)","decl":{"start":{"line":908,"column":2},"end":{"line":908,"column":16}},"loc":{"start":{"line":908,"column":46},"end":{"line":949,"column":null}},"line":908},"22":{"name":"(anonymous_22)","decl":{"start":{"line":968,"column":2},"end":{"line":968,"column":29}},"loc":{"start":{"line":968,"column":39},"end":{"line":1048,"column":null}},"line":968},"23":{"name":"(anonymous_23)","decl":{"start":{"line":1054,"column":2},"end":{"line":1054,"column":22}},"loc":{"start":{"line":1054,"column":52},"end":{"line":1163,"column":null}},"line":1054},"24":{"name":"(anonymous_24)","decl":{"start":{"line":1173,"column":2},"end":{"line":1173,"column":20}},"loc":{"start":{"line":1173,"column":30},"end":{"line":1183,"column":null}},"line":1173},"25":{"name":"(anonymous_25)","decl":{"start":{"line":1188,"column":2},"end":{"line":1188,"column":15}},"loc":{"start":{"line":1188,"column":24},"end":{"line":1195,"column":null}},"line":1188},"26":{"name":"(anonymous_26)","decl":{"start":{"line":1205,"column":2},"end":{"line":1205,"column":15}},"loc":{"start":{"line":1205,"column":23},"end":{"line":1207,"column":null}},"line":1205},"27":{"name":"(anonymous_27)","decl":{"start":{"line":1216,"column":2},"end":{"line":1216,"column":21}},"loc":{"start":{"line":1216,"column":34},"end":{"line":1234,"column":null}},"line":1216},"28":{"name":"(anonymous_28)","decl":{"start":{"line":1243,"column":2},"end":{"line":1243,"column":20}},"loc":{"start":{"line":1243,"column":35},"end":{"line":1249,"column":null}},"line":1243},"29":{"name":"(anonymous_29)","decl":{"start":{"line":1258,"column":2},"end":{"line":1258,"column":19}},"loc":{"start":{"line":1258,"column":41},"end":{"line":1289,"column":null}},"line":1258},"30":{"name":"(anonymous_30)","decl":{"start":{"line":1299,"column":2},"end":{"line":1299,"column":26}},"loc":{"start":{"line":1299,"column":48},"end":{"line":1348,"column":null}},"line":1299},"31":{"name":"(anonymous_31)","decl":{"start":{"line":1353,"column":2},"end":{"line":1353,"column":22}},"loc":{"start":{"line":1353,"column":44},"end":{"line":1396,"column":null}},"line":1353},"32":{"name":"(anonymous_32)","decl":{"start":{"line":1395,"column":24},"end":{"line":1395,"column":25}},"loc":{"start":{"line":1395,"column":34},"end":{"line":1395,"column":51}},"line":1395},"33":{"name":"(anonymous_33)","decl":{"start":{"line":1398,"column":2},"end":{"line":1398,"column":14}},"loc":{"start":{"line":1398,"column":20},"end":{"line":1405,"column":null}},"line":1398},"34":{"name":"(anonymous_34)","decl":{"start":{"line":1430,"column":2},"end":{"line":1430,"column":29}},"loc":{"start":{"line":1430,"column":52},"end":{"line":1495,"column":null}},"line":1430},"35":{"name":"(anonymous_35)","decl":{"start":{"line":1452,"column":20},"end":{"line":1452,"column":21}},"loc":{"start":{"line":1452,"column":32},"end":{"line":1454,"column":5}},"line":1452},"36":{"name":"(anonymous_36)","decl":{"start":{"line":1452,"column":51},"end":{"line":1452,"column":52}},"loc":{"start":{"line":1453,"column":6},"end":{"line":1453,"column":null}},"line":1453},"37":{"name":"(anonymous_37)","decl":{"start":{"line":1493,"column":20},"end":{"line":1493,"column":21}},"loc":{"start":{"line":1493,"column":30},"end":{"line":1493,"column":61}},"line":1493},"38":{"name":"(anonymous_38)","decl":{"start":{"line":1499,"column":2},"end":{"line":1499,"column":20}},"loc":{"start":{"line":1499,"column":59},"end":{"line":1533,"column":null}},"line":1499},"39":{"name":"(anonymous_39)","decl":{"start":{"line":1535,"column":2},"end":{"line":1535,"column":23}},"loc":{"start":{"line":1535,"column":92},"end":{"line":1580,"column":null}},"line":1535},"40":{"name":"(anonymous_40)","decl":{"start":{"line":1582,"column":2},"end":{"line":1582,"column":22}},"loc":{"start":{"line":1582,"column":91},"end":{"line":1627,"column":null}},"line":1582},"41":{"name":"(anonymous_41)","decl":{"start":{"line":1629,"column":2},"end":{"line":1629,"column":19}},"loc":{"start":{"line":1629,"column":75},"end":{"line":1680,"column":null}},"line":1629},"42":{"name":"(anonymous_42)","decl":{"start":{"line":1682,"column":2},"end":{"line":1682,"column":17}},"loc":{"start":{"line":1682,"column":73},"end":{"line":1724,"co
[...]
48:1548:51":491,"s:1549:16:1549:55":850,"s:1551:17:1554:5":851,"s:1555:19:1555:61":852,"s:1556:20:1556:105":853,"s:1558:4:1579:Infinity":854,"b:1578:50:1578:60:1578:63:1578:68":492,"f:1582:2:1582:22":40,"s:1583:19:1583:37":855,"s:1584:23:1584:47":856,"s:1585:20:1585:39":857,"b:1586:4:1586:Infinity:undefined:undefined:undefined:undefined":493,"s:1586:4:1586:Infinity":858,"b:1586:8:1586:18:1586:22:1586:33:1586:37:1586:79":494,"s:1586:81:1586:Infinity":859,"s:1588:19:1588:28":860,"s:1588:40:1588:50":861,"s:1589:19:1589:40":862,"b:1589:19:1589:35:1589:39:1589:40":495,"s:1589:52:1589:74":863,"b:1589:52:1589:69:1589:73:1589:74":496,"b:1590:4:1590:Infinity:undefined:undefined:undefined:undefined":497,"s:1590:4:1590:Infinity":864,"s:1590:21:1590:Infinity":865,"s:1592:21:1592:49":866,"s:1593:18:1593:70":867,"s:1594:22:1594:38":868,"s:1595:22:1595:52":869,"b:1595:31:1595:44:1595:48:1595:51":498,"s:1596:16:1596:55":870,"s:1598:17:1601:5":871,"s:1602:19:1602:61":872,"s:1603:20:1603:104":873,"s:1605:4:1626:Infinity":874,"b:1625:50:1625:60:1625:63:1625:68":499,"f:1629:2:1629:19":41,"s:1630:18:1630:51":875,"s:1631:18:1631:51":876,"s:1632:18:1632:51":877,"s:1633:18:1633:51":878,"b:1635:4:1635:Infinity:undefined:undefined:undefined:undefined":500,"s:1635:4:1635:Infinity":879,"b:1635:8:1635:17:1635:21:1635:30:1635:34:1635:43:1635:47:1635:56":501,"s:1635:58:1635:Infinity":880,"s:1636:15:1636:23":881,"s:1636:30:1636:38":882,"s:1636:45:1636:53":883,"s:1636:60:1636:68":884,"s:1637:18:1637:35":885,"b:1637:18:1637:30:1637:34:1637:35":502,"s:1637:45:1637:62":886,"b:1637:45:1637:57:1637:61:1637:62":503,"s:1638:18:1638:35":887,"b:1638:18:1638:30:1638:34:1638:35":504,"s:1638:45:1638:62":888,"b:1638:45:1638:57:1638:61:1638:62":505,"s:1640:22:1640:63":889,"b:1641:4:1641:Infinity:undefined:undefined:undefined:undefined":506,"s:1641:4:1641:Infinity":890,"s:1641:24:1641:Infinity":891,"s:1642:22:1642:71":892,"s:1643:20:1643:41":893,"s:1645:20:1645:45":894,"b:1645:29:1645:37:1645:41:1645:44":507,"s:1646:20:1646:45":895,"b:1646:29:1646:37:1646:41:1646:44":508,"s:1647:16:1647:63":896,"s:1649:17:1654:5":897,"s:1655:19:1655:49":898,"s:1656:20:1656:100":899,"s:1658:4:1679:Infinity":900,"f:1682:2:1682:17":42,"s:1683:17:1683:50":901,"s:1684:17:1684:50":902,"b:1685:4:1685:Infinity:undefined:undefined:undefined:undefined":509,"s:1685:4:1685:Infinity":903,"b:1685:8:1685:16:1685:20:1685:28":510,"s:1685:30:1685:Infinity":904,"s:1687:17:1687:24":905,"s:1687:32:1687:39":906,"s:1688:17:1688:36":907,"b:1688:17:1688:31:1688:35:1688:36":511,"s:1688:45:1688:63":908,"b:1688:45:1688:58:1688:62:1688:63":512,"s:1689:25:1689:48":909,"b:1690:4:1690:Infinity:undefined:undefined:undefined:undefined":513,"s:1690:4:1690:Infinity":910,"s:1690:27:1690:Infinity":911,"s:1692:19:1692:46":912,"b:1692:28:1692:38:1692:42:1692:45":514,"s:1693:19:1693:45":913,"b:1693:28:1693:37:1693:41:1693:44":515,"s:1694:16:1694:61":914,"s:1696:17:1699:5":915,"s:1700:19:1700:49":916,"s:1701:20:1701:100":917,"s:1703:4:1723:Infinity":918,"f:1726:2:1726:17":43,"b:1727:4:1727:Infinity:undefined:undefined:undefined:undefined":516,"s:1727:4:1727:Infinity":919,"b:1727:8:1727:15:1727:19:1727:26":517,"s:1727:28:1727:Infinity":920,"s:1728:17:1728:23":921,"s:1728:31:1728:37":922,"s:1729:17:1729:36":923,"b:1729:17:1729:31:1729:35:1729:36":518,"s:1729:45:1729:63":924,"b:1729:45:1729:58:1729:62:1729:63":519,"s:1730:25:1730:48":925,"b:1731:4:1731:Infinity:undefined:undefined:undefined:undefined":520,"s:1731:4:1731:Infinity":926,"s:1731:27:1731:Infinity":927,"s:1732:19:1732:34":928,"s:1733:19:1733:41":929,"s:1735:17:1738:5":930,"s:1739:19:1739:49":931,"s:1740:20:1740:101":932,"s:1742:4:1763:Infinity":933,"f:1768:2:1768:16":44,"s:1769:12:1769:13":934,"s:1769:19:1769:20":935,"s:1769:26:1769:27":936,"s:1769:33:1769:34":937,"s:1770:4:1777:Infinity":938,"s:1771:19:1771:48":939,"b:1771:42:1771:43:1771:46:1771:48":521,"s:1772:16:1772:32":940,"b:1772:16:1772:26:1772:30:1772:32":522,"s:1773:6:1773:Infinity":941,"b:1773:19:1773:26:1773:30:1773:31":523,"s:1774:6:1774:Infinity":942,"b:1774:19:1774:26:1774:30:1774:31":524,"s:1775:6:1775:Infinity":943,"b:1775:19:1775:26:1775:30:1775:31":525,"s:1776:6:1776:Infinity":944,"b:1776:19:1776:25:1776:29:1776:30":526,"s:1778:4:1778:Infinity":945,"f:1781:2:1781:21":45,"s:1782:4:1782:Infinity":946,"f:1785:2:1785:16":46,"s:1786:17:1786:84":947,"b:1786:17:1786:55:1786:59:1786:84":527,"s:1787:14:1787:47":948,"s:1790:19:1790:60":949,"s:1791:24:1791:70":950,"s:1794:21:1794:60":951,"b:1794:31:1794:55:1794:58:1794:60":528,"s:1797:18:1797:20":952,"b:1798:4:1801:Infinity:undefined:undefined:undefined:undefined":529,"s:1798:4:1801:Infinity":953,"b:1798:8:1798:19:1798:23:1798:36":530,"b:1799:6:1800:Infinity:1800:11:1800:Infinity":531,"s:1799:6:1800:Infinity":954,"s:1799:30:1799:Infinity":955,"s:1800:11:1800:Infinity":956,"s:1804:19:1806:9":957,"b:1805:8:1805:Infinity:1806:8:1806:9":532,"f:1805:20:1805:21":47,"s:1805:30:1805:90":958,"b:1805:36:1805:63:1805:67:1805:83:1805:88:1805:89":533,"s:1807:21:1807:61":959,"s:1810:16:1810:43":960,"b:1810:16:1810:30:1810:34:1810:43":534,"s:1811:22:1811:39":961,"s:1812:26:1812:64":962,"b:1812:26:1812:43:1812:47:1812:64":535,"s:1813:20:1813:22":963,"b:1814:4:1816:Infinity:1815:9:1816:Infinity":536,"s:1814:4:1816:Infinity":964,"s:1814:33:1814:Infinity":965,"b:1814:57:1814:59:1814:62:1814:64":537,"b:1815:9:1816:Infinity:1816:9:1816:Infinity":538,"s:1815:9:1816:Infinity":966,"s:1815:36:1815:Infinity":967,"b:1815:95:1815:97:1815:101:1815:120":539,"b:1815:49:1815:68:1815:72:1815:91":540,"b:1815:113:1815:115:1815:118:1815:120":541,"b:1816:9:1816:Infinity:undefined:undefined:undefined:undefined":542,"s:1816:9:1816:Infinity":968,"s:1816:36:1816:Infinity":969,"b:1816:64:1816:66:1816:70:1816:101":543,"b:1816:94:1816:96:1816:99:1816:101":544,"s:1818:18:1818:140":970,"s:1820:4:1823:Infinity":971,"s:1827:33:1827:56":972}}}
,"/Users/rishi/Desktop/WorkSpace/NiftyOptionPriceCalculatore/NiftyOptionCalculator-Website-React/src/utils/blackScholes.js": {"path":"/Users/rishi/Desktop/WorkSpace/NiftyOptionPriceCalculatore/NiftyOptionCalculator-Website-React/src/utils/blackScholes.js","statementMap":{"0":{"start":{"line":3,"column":13},"end":{"line":3,"column":24}},"1":{"start":{"line":4,"column":13},"end":{"line":4,"column":25}},"2":{"start":{"line":5,"column":13},"end":{"line":5,"column":24}},"3":{"start":{"line":6,"column":13},"end":{"line":6,"column":25}},"4":{"start":{"line":7,"column":13},"end":{"line":7,"column":24}},"5":{"start":{"line":8,"column":12},"end":{"line":8,"column":21}},"6":{"start":{"line":10,"column":15},"end":{"line":10,"column":29}},"7":{"start":{"line":11,"column":2},"end":{"line":11,"column":null}},"8":{"start":{"line":13,"column":12},"end":{"line":13,"column":31}},"9":{"start":{"line":14,"column":12},"end":{"line":14,"column":89}},"10":{"start":{"line":16,"column":2},"end":{"line":16,"column":null}},"11":{"start":{"line":21,"column":2},"end":{"line":21,"column":null}},"12":{"start":{"line":33,"column":6},"end":{"line":33,"column":12}},"13":{"start":{"line":36,"column":12},"end":{"line":36,"column":30}},"14":{"start":{"line":39,"column":2},"end":{"line":55,"column":null}},"15":{"start":{"line":40,"column":22},"end":{"line":42,"column":44}},"16":{"start":{"line":43,"column":4},"end":{"line":54,"column":null}},"17":{"start":{"line":57,"column":12},"end":{"line":57,"column":21}},"18":{"start":{"line":58,"column":12},"end":{"line":58,"column":23}},"19":{"start":{"line":59,"column":12},"end":{"line":59,"column":24}},"20":{"start":{"line":60,"column":16},"end":{"line":60,"column":26}},"21":{"start":{"line":63,"column":13},"end":{"line":63,"column":87}},"22":{"start":{"line":64,"column":13},"end":{"line":64,"column":38}},"23":{"start":{"line":69,"column":2},"end":{"line":77,"column":null}},"24":{"start":{"line":70,"column":4},"end":{"line":70,"column":null}},"25":{"start":{"line":71,"column":4},"end":{"line":71,"column":null}},"26":{"start":{"line":72,"column":4},"end":{"line":72,"column":null}},"27":{"start":{"line":74,"column":4},"end":{"line":74,"column":null}},"28":{"start":{"line":75,"column":4},"end":{"line":75,"column":null}},"29":{"start":{"line":76,"column":4},"end":{"line":76,"column":null}},"30":{"start":{"line":80,"column":16},"end":{"line":80,"column":58}},"31":{"start":{"line":81,"column":15},"end":{"line":81,"column":53}},"32":{"start":{"line":84,"column":22},"end":{"line":86,"column":101}},"33":{"start":{"line":87,"column":16},"end":{"line":87,"column":33}},"34":{"start":{"line":90,"column":25},"end":{"line":92,"column":24}},"35":{"start":{"line":93,"column":20},"end":{"line":93,"column":42}},"36":{"start":{"line":95,"column":2},"end":{"line":106,"column":null}},"37":{"start":{"line":111,"column":90},"end":{"line":111,"column":96}},"38":{"start":{"line":113,"column":14},"end":{"line":113,"column":17}},"39":{"start":{"line":114,"column":20},"end":{"line":114,"column":26}},"40":{"start":{"line":115,"column":24},"end":{"line":115,"column":27}},"41":{"start":{"line":117,"column":2},"end":{"line":137,"column":null}},"42":{"start":{"line":117,"column":15},"end":{"line":117,"column":16}},"43":{"start":{"line":118,"column":19},"end":{"line":125,"column":6}},"44":{"start":{"line":127,"column":17},"end":{"line":127,"column":43}},"45":{"start":{"line":128,"column":4},"end":{"line":128,"column":null}},"46":{"start":{"line":128,"column":36},"end":{"line":128,"column":null}},"47":{"start":{"line":132,"column":17},"end":{"line":132,"column":34}},"48":{"start":{"line":133,"column":4},"end":{"line":133,"column":29}},"49":{"start":{"line":133,"column":23},"end":{"line":133,"column":29}},"50":{"start":{"line":135,"column":4},"end":{"line":135,"column":null}},"51":{"start":{"line":136,"column":4},"end":{"line":136,"column":47}},"52":{"start":{"line":139,"column":2},"end":{"line":139,"column":null}},"53":{"start":{"line":144,"column":15},"end":{"line":144,"column":62}},"54":{"start":{"line":146,"column":2},"end":{"line":146,"column":null}},"55":{"start":{"line":146,"column":28},"end":{"line":146,"column":null}},"56":{"start":{"line":148,"column":2},"end":{"line":152,"column":null}},"57":{"start":{"line":149,"column":4},"end":{"line":149,"column":null}},"58":{"start":{"line":151,"column":4},"end":{"line":151,"column":null}},"59":{"start":{"line":157,"column":2},"end":{"line":165,"column":null}},"60":{"start":{"line":158,"column":4},"end":{"line":164,"column":null}},"61":{"start":{"line":159,"column":6},"end":{"line":159,"column":null}},"62":{"start":{"line":160,"column":11},"end":{"line":164,"column":null}},"63":{"start":{"line":161,"column":6},"end":{"line":161,"column":null}},"64":{"start":{"line":162,"column":11},"end":{"line":164,"column":null}},"65":{"start":{"line":163,"column":6},"end":{"line":163,"column":null}},"66":{"start":{"line":166,"column":2},"end":{"line":166,"column":null}}},"fnMap":{"0":{"name":"normalCDF","decl":{"start":{"line":2,"column":9},"end":{"line":2,"column":18}},"loc":{"start":{"line":2,"column":22},"end":{"line":17,"column":null}},"line":2},"1":{"name":"normalPDF","decl":{"start":{"line":20,"column":9},"end":{"line":20,"column":18}},"loc":{"start":{"line":20,"column":22},"end":{"line":22,"column":null}},"line":20},"2":{"name":"calculateBlackScholes","decl":{"start":{"line":25,"column":16},"end":{"line":25,"column":37}},"loc":{"start":{"line":25,"column":46},"end":{"line":107,"column":null}},"line":25},"3":{"name":"calculateImpliedVolatility","decl":{"start":{"line":110,"column":16},"end":{"line":110,"column":42}},"loc":{"start":{"line":110,"column":51},"end":{"line":140,"column":null}},"line":110},"4":{"name":"getMoneyness","decl":{"start":{"line":143,"column":16},"end":{"line":143,"column":28}},"loc":{"start":{"line":143,"column":65},"end":{"line":153,"column":null}},"line":143},"5":{"name":"formatCurrency","decl":{"start":{"line":156,"column":16},"end":{"line":156,"column":30}},"loc":{"start":{"line":156,"column":55},"end":{"line":167,"column":null}},"line":156}},"branchMap":{"0":{"loc":{"start":{"line":10,"column":15},"end":{"line":10,"column":29}},"type":"cond-expr","locations":[{"start":{"line":10,"column":23},"end":{"line":10,"column":25}},{"start":{"line":10,"column":28},"end":{"line":10,"column":29}}],"line":10},"1":{"loc":{"start":{"line":39,"column":2},"end":{"line":55,"column":null}},"type":"if","locations":[{"start":{"line":39,"column":2},"end":{"line":55,"column":null}},{"start":{},"end":{}}],"line":39},"2":{"loc":{"start":{"line":40,"column":22},"end":{"line":42,"column":44}},"type":"cond-expr","locations":[{"start":{"line":41,"column":8},"end":{"line":41,"column":null}},{"start":{"line":42,"column":8},"end":{"line":42,"column":44}}],"line":40},"3":{"loc":{"start":{"line":45,"column":13},"end":{"line":45,"column":107}},"type":"cond-expr","locations":[{"start":{"line":45,"column":38},"end":{"line":45,"column":69}},{"start":{"line":45,"column":74},"end":{"line":45,"column":106}}],"line":45},"4":{"loc":{"start":{"line":45,"column":38},"end":{"line":45,"column":69}},"type":"cond-expr","locations":[{"start":{"line":45,"column":64},"end":{"line":45,"column":65}},{"start":{"line":45,"column":68},"end":{"line":45,"column":69}}],"line":45},"5":{"loc":{"start":{"line":45,"column":74},"end":{"line":45,"column":106}},"type":"cond-expr","locations":[{"start":{"line":45,"column":100},"end":{"line":45,"column":102}},{"start":{"line":45,"column":105},"end":{"line":45,"column":106}}],"line":45},"6":{"loc":{"start":{"line":69,"column":2},"end":{"line":77,"column":null}},"type":"if","locations":[{"start":{"line":69,"column":2},"end":{"line":77,"column":null}},{"start":{"line":73,"column":9},"end":{"line":77,"column":null}}],"line":69},"7":{"loc":{"start":{"line":84,"column":22},"end":{"line":86,"column":101}},"type":"cond-expr","locations":[{"start":{"line":85,"column":6},"end":{"line":85,"column":null}},{"start":{"line":86,"column":6},"end":{"line":86,"column":101}}],"line":84},"8":{"loc":{"start":{"line":90,"column":25},"end":{"line":92,"column":24}},"type":"cond-expr","locations":[{"start":{"line":91,"column":6},"end":{"line":91,"column":null}},{"start":{"line":92,"column":6},"end":{"line":92,"column":24}}],"line":90},"9":{"loc":{"start":{"line":128,"column":4},"end":{"line":128,"column":null}},"type":"if","locations":[{"start":{"line":128,"column":4},"end":{"line":128,"column":null}},{"start":{},"end":{}}],"line":128},"10":{"loc":{"start":{"line":133,"column":4},"end":{"line":133,"column":29}},"type":"if","locations":[{"start":{"line":133,"column":4},"end":{"line":133,"column":29}},{"start":{},"end":{}}],"line":133},"11":{"loc":{"start":{"line":146,"column":2},"end":{"line":146,"column":null}},"type":"if","locations":[{"start":{"line":146,"column":2},"end":{"line":146,"column":null}},{"start":{},"end":{}}],"line":146},"12":{"loc":{"start":{"line":148,"column":2},"end":{"line":152,"column":null}},"type":"if","locations":[{"start":{"line":148,"column":2},"end":{"line":152,"column":null}},{"start":{"line":150,"column":9},"end":{"line":152,"column":null}}],"line":148},"13":{"loc":{"start":{"line":149,"column":11},"end":{"line":149,"column":35}},"type":"cond-expr","locations":[{"start":{"line":149,"column":22},"end":{"line":149,"column":27}},{"start":{"line":149,"column":30},"end":{"line":149,"column":35}}],"line":149},"14":{"loc":{"start":{"line":151,"column":11},"end":{"line":151,"column":35}},"type":"cond-expr","locations":[{"start":{"line":151,"column":22},"end":{"line":151,"column":27}},{"start":{"line":151,"column":30},"end":{"line":151,"column":35}}],"line":151},"15":{"loc":{"start":{"line":156,"column":38},"end":{"line":156,"column":53}},"type":"default-arg","locations":[{"start":{"line":156,"column":48},"end":{"line":156,"column":53}}],"line":156},"16":{"loc":{"start":{"line":157,"column":2},"end":{"line":165,"column":null}},"type":"if","locations":[{"start":{"line":157,"column":2},"end":{"line":165,"column":null}},{"start":{},"end":{}}],"line":157},"17":{"loc":{"start":{"line":158,"column":4},"end":{"line":164,"column":null}},"type":"if","locations":[{"start":{"line":158,"column":4},"end":{"line":164,"column":null}},{"start":{"line":160,"column":11},"end":{"line":164,"column":null}}],"line":158},"18":{"loc":{"start":{"line":160,"column":11},"end":{"line":164,"column":null}},"type":"if","locations":[{"start":{"line":160,"column":11},"end":{"line":164,"column":null}},{"start":{"line":162,"column":11},"end":{"line":164,"column":null}}],"line":160},"19":{"loc":{"start":{"line":162,"column":11},"end":{"line":164,"column":null}},"type":"if","locations":[{"start":{"line":162,"column":11},"end":{"line":164,"column":null}},{"start":{},"end":{}}],"line":162}},"s":{"0":665,"1":665,"2":665,"3":665,"4":665,"5":665,"6":665,"7":665,"8":665,"9":665,"10":665,"11":399,"12":135,"13":135,"14":135,"15":2,"16":2,"17":133,"18":133,"19":133,"20":133,"21":133,"22":133,"23":133,"24":120,"25":120,"26":120,"27":13,"28":13,"29":13,"30":133,"31":133,"32":133,"33":135,"34":135,"35":135,"36":135,"37":4,"38":4,"39":4,"40":4,"41":4,"42":4,"43":110,"44":110,"45":110,"46":3,"47":107,"48":107,"49":0,"50":107,"51":107,"52":4,"53":6,"54":6,"55":2,"56":4,"57":2,"58":2,"59":6,"60":5,"61":1,"62":4,"63":2,"64":2,"65":1,"66":2},"f":{"0":665,"1":399,"2":135,"3":4,"4":6,"5":6},"b":{"0":[89,576],"1":[2,133],"2":[2,0],"3":[2,0],"4":[1,1],"5":[0,0],"6":[120,13],"7":[120,13],"8":[120,13],"9":[3,107],"10":[0,107],"11":[2,4],"12":[2,2],"13":[1,1],"14":[1,1],"15":[6],"16":[5,1],"17":[1,4],"18":[2,2],"19":[1,1]},"meta":{"lastBranch":20,"lastFunction":6,"lastStatement":67,"seen":{"f:2:9:2:18":0,"s:3:13:3:24":0,"s:4:13:4:25":1,"s:5:13:5:24":2,"s:6:13:6:25":3,"s:7:13:7:24":4,"s:8:12:8:21":5,"s:10:15:10:29":6,"b:10:23:10:25:10:28:10:29":0,"s:11:2:11:Infinity":7,"s:13:12:13:31":8,"s:14:12:14:89":9,"s:16:2:16:Infinity":10,"f:20:9:20:18":1,"s:21:2:21:Infinity":11,"f:25:16:25:37":2,"s:33:6:33:12":12,"s:36:12:36:30":13,"b:39:2:55:Infinity:undefined:undefined:undefined:undefined":1,"s:39:2:55:Infinity":14,"s:40:22:42:44":15,"b:41:8:41:Infinity:42:8:42:44":2,"s:43:4:54:Infinity":16,"b:45:38:45:69:45:74:45:106":3,"b:45:64:45:65:45:68:45:69":4,"b:45:100:45:102:45:105:45:106":5,"s:57:12:57:21":17,"s:58:12:58:23":18,"s:59:12:59:24":19,"s:60:16:60:26":20,"s:63:13:63:87":21,"s:64:13:64:38":22,"b:69:2:77:Infinity:73:9:77:Infinity":6,"s:69:2:77:Infinity":23,"s:70:4:70:Infinity":24,"s:71:4:71:Infinity":25,"s:72:4:72:Infinity":26,"s:74:4:74:Infinity":27,"s:75:4:75:Infinity":28,"s:76:4:76:Infinity":29,"s:80:16:80:58":30,"s:81:15:81:53":31,"s:84:22:86:101":32,"b:85:6:85:Infinity:86:6:86:101":7,"s:87:16:87:33":33,"s:90:25:92:24":34,"b:91:6:91:Infinity:92:6:92:24":8,"s:93:20:93:42":35,"s:95:2:106:Infinity":36,"f:110:16:110:42":3,"s:111:90:111:96":37,"s:113:14:113:17":38,"s:114:20:114:26":39,"s:115:24:115:27":40,"s:117:2:137:Infinity":41,"s:117:15:117:16":42,"s:118:19:125:6":43,"s:127:17:127:43":44,"b:128:4:128:Infinity:undefined:undefined:undefined:undefined":9,"s:128:4:128:Infinity":45,"s:128:36:128:Infinity":46,"s:132:17:132:34":47,"b:133:4:133:29:undefined:undefined:undefined:undefined":10,"s:133:4:133:29":48,"s:133:23:133:29":49,"s:135:4:135:Infinity":50,"s:136:4:136:47":51,"s:139:2:139:Infinity":52,"f:143:16:143:28":4,"s:144:15:144:62":53,"b:146:2:146:Infinity:undefined:undefined:undefined:undefined":11,"s:146:2:146:Infinity":54,"s:146:28:146:Infinity":55,"b:148:2:152:Infinity:150:9:152:Infinity":12,"s:148:2:152:Infinity":56,"s:149:4:149:Infinity":57,"b:149:22:149:27:149:30:149:35":13,"s:151:4:151:Infinity":58,"b:151:22:151:27:151:30:151:35":14,"f:156:16:156:30":5,"b:156:48:156:53":15,"b:157:2:165:Infinity:undefined:undefined:undefined:undefined":16,"s:157:2:165:Infinity":59,"b:158:4:164:Infinity:160:11:164:Infinity":17,"s:158:4:164:Infinity":60,"s:159:6:159:Infinity":61,"b:160:11:164:Infinity:162:11:164:Infinity":18,"s:160:11:164:Infinity":62,"s:161:6:161:Infinity":63,"b:162:11:164:Infinity:undefined:undefined:undefined:undefined":19,"s:162:11:164:Infinity":64,"s:163:6:163:Infinity":65,"s:166:2:166:Infinity":66}}}
}
